mode: set
github.com/gorilla/mux/middleware-orig-test.go:14.67,15.71 1 0
github.com/gorilla/mux/middleware-orig-test.go:15.71,18.3 2 0
github.com/gorilla/mux/middleware-orig-test.go:21.60,21.61 0 0
github.com/gorilla/mux/middleware-orig-test.go:23.38,30.65 5 0
github.com/gorilla/mux/middleware-orig-test.go:30.65,32.3 1 0
github.com/gorilla/mux/middleware-orig-test.go:34.2,35.34 2 0
github.com/gorilla/mux/middleware-orig-test.go:35.34,37.3 1 0
github.com/gorilla/mux/middleware-orig-test.go:39.2,39.53 1 0
github.com/gorilla/mux/middleware-orig-test.go:39.53,41.3 1 0
github.com/gorilla/mux/middleware-orig-test.go:42.2,43.34 2 0
github.com/gorilla/mux/middleware-orig-test.go:43.34,45.3 1 0
github.com/gorilla/mux/middleware-orig-test.go:47.2,49.33 3 0
github.com/gorilla/mux/middleware-orig-test.go:49.33,51.3 1 0
github.com/gorilla/mux/middleware-orig-test.go:53.2,54.33 2 0
github.com/gorilla/mux/middleware-orig-test.go:54.33,56.3 1 0
github.com/gorilla/mux/middleware-orig-test.go:59.35,69.54 7 0
github.com/gorilla/mux/middleware-orig-test.go:69.54,71.26 2 0
github.com/gorilla/mux/middleware-orig-test.go:71.26,73.4 1 0
github.com/gorilla/mux/middleware-orig-test.go:76.2,76.49 1 0
github.com/gorilla/mux/middleware-orig-test.go:76.49,79.26 3 0
github.com/gorilla/mux/middleware-orig-test.go:79.26,81.4 1 0
github.com/gorilla/mux/middleware-orig-test.go:84.2,84.61 1 0
github.com/gorilla/mux/middleware-orig-test.go:84.61,87.26 3 0
github.com/gorilla/mux/middleware-orig-test.go:87.26,89.4 1 0
github.com/gorilla/mux/middleware-orig-test.go:92.2,92.69 1 0
github.com/gorilla/mux/middleware-orig-test.go:92.69,96.26 4 0
github.com/gorilla/mux/middleware-orig-test.go:96.26,98.4 1 0
github.com/gorilla/mux/middleware-orig-test.go:101.2,101.71 1 0
github.com/gorilla/mux/middleware-orig-test.go:101.71,105.26 4 0
github.com/gorilla/mux/middleware-orig-test.go:105.26,107.4 1 0
github.com/gorilla/mux/middleware-orig-test.go:110.2,110.76 1 0
github.com/gorilla/mux/middleware-orig-test.go:110.76,114.26 4 0
github.com/gorilla/mux/middleware-orig-test.go:114.26,116.4 1 0
github.com/gorilla/mux/middleware-orig-test.go:120.44,133.69 9 0
github.com/gorilla/mux/middleware-orig-test.go:133.69,135.26 2 0
github.com/gorilla/mux/middleware-orig-test.go:135.26,137.4 1 0
github.com/gorilla/mux/middleware-orig-test.go:140.2,140.64 1 0
github.com/gorilla/mux/middleware-orig-test.go:140.64,143.26 3 0
github.com/gorilla/mux/middleware-orig-test.go:143.26,145.4 1 0
github.com/gorilla/mux/middleware-orig-test.go:148.2,148.69 1 0
github.com/gorilla/mux/middleware-orig-test.go:148.69,151.26 3 0
github.com/gorilla/mux/middleware-orig-test.go:151.26,153.4 1 0
github.com/gorilla/mux/middleware-orig-test.go:156.2,156.66 1 0
github.com/gorilla/mux/middleware-orig-test.go:156.66,159.26 3 0
github.com/gorilla/mux/middleware-orig-test.go:159.26,161.4 1 0
github.com/gorilla/mux/middleware-orig-test.go:164.2,164.57 1 0
github.com/gorilla/mux/middleware-orig-test.go:164.57,167.71 2 0
github.com/gorilla/mux/middleware-orig-test.go:167.71,170.27 3 0
github.com/gorilla/mux/middleware-orig-test.go:170.27,172.5 1 0
github.com/gorilla/mux/middleware-orig-test.go:175.3,175.71 1 0
github.com/gorilla/mux/middleware-orig-test.go:175.71,178.27 3 0
github.com/gorilla/mux/middleware-orig-test.go:178.27,180.5 1 0
github.com/gorilla/mux/middleware-orig-test.go:185.44,189.62 3 0
github.com/gorilla/mux/middleware-orig-test.go:189.62,191.17 2 0
github.com/gorilla/mux/middleware-orig-test.go:191.17,193.4 1 0
github.com/gorilla/mux/middleware-orig-test.go:196.2,199.67 3 0
github.com/gorilla/mux/middleware-orig-test.go:199.67,205.48 4 0
github.com/gorilla/mux/middleware-orig-test.go:205.48,207.4 1 0
github.com/gorilla/mux/middleware-orig-test.go:210.2,210.76 1 0
github.com/gorilla/mux/middleware-orig-test.go:210.76,214.48 3 0
github.com/gorilla/mux/middleware-orig-test.go:214.48,215.73 1 0
github.com/gorilla/mux/middleware-orig-test.go:215.73,217.19 2 0
github.com/gorilla/mux/middleware-orig-test.go:217.19,219.6 1 0
github.com/gorilla/mux/middleware-orig-test.go:220.5,220.22 1 0
github.com/gorilla/mux/middleware-orig-test.go:224.3,225.66 2 0
github.com/gorilla/mux/middleware-orig-test.go:225.66,227.4 1 0
github.com/gorilla/mux/middleware-orig-test.go:230.2,230.94 1 0
github.com/gorilla/mux/middleware-orig-test.go:230.94,235.82 4 0
github.com/gorilla/mux/middleware-orig-test.go:235.82,236.73 1 0
github.com/gorilla/mux/middleware-orig-test.go:236.73,238.19 2 0
github.com/gorilla/mux/middleware-orig-test.go:238.19,240.6 1 0
github.com/gorilla/mux/middleware-orig-test.go:241.5,241.22 1 0
github.com/gorilla/mux/middleware-orig-test.go:245.3,247.52 3 0
github.com/gorilla/mux/middleware-orig-test.go:247.52,250.4 2 0
github.com/gorilla/mux/middleware-orig-test.go:254.43,259.70 4 0
github.com/gorilla/mux/middleware-orig-test.go:259.70,261.17 2 0
github.com/gorilla/mux/middleware-orig-test.go:261.17,263.4 1 0
github.com/gorilla/mux/middleware-orig-test.go:265.2,265.47 1 0
github.com/gorilla/mux/middleware-orig-test.go:265.47,266.72 1 0
github.com/gorilla/mux/middleware-orig-test.go:266.72,268.18 2 0
github.com/gorilla/mux/middleware-orig-test.go:268.18,270.5 1 0
github.com/gorilla/mux/middleware-orig-test.go:271.4,271.21 1 0
github.com/gorilla/mux/middleware-orig-test.go:276.2,276.41 1 0
github.com/gorilla/mux/middleware-orig-test.go:276.41,281.45 4 0
github.com/gorilla/mux/middleware-orig-test.go:281.45,283.4 1 0
github.com/gorilla/mux/middleware-orig-test.go:286.2,286.71 1 0
github.com/gorilla/mux/middleware-orig-test.go:286.71,290.91 3 0
github.com/gorilla/mux/middleware-orig-test.go:290.91,292.18 2 0
github.com/gorilla/mux/middleware-orig-test.go:292.18,294.5 1 0
github.com/gorilla/mux/middleware-orig-test.go:296.3,298.45 2 0
github.com/gorilla/mux/middleware-orig-test.go:298.45,300.4 1 0
github.com/gorilla/mux/middleware-orig-test.go:304.49,309.70 4 0
github.com/gorilla/mux/middleware-orig-test.go:309.70,311.17 2 0
github.com/gorilla/mux/middleware-orig-test.go:311.17,313.4 1 0
github.com/gorilla/mux/middleware-orig-test.go:316.2,316.47 1 0
github.com/gorilla/mux/middleware-orig-test.go:316.47,317.72 1 0
github.com/gorilla/mux/middleware-orig-test.go:317.72,319.18 2 0
github.com/gorilla/mux/middleware-orig-test.go:319.18,321.5 1 0
github.com/gorilla/mux/middleware-orig-test.go:322.4,322.21 1 0
github.com/gorilla/mux/middleware-orig-test.go:326.2,326.41 1 0
github.com/gorilla/mux/middleware-orig-test.go:326.41,331.45 4 0
github.com/gorilla/mux/middleware-orig-test.go:331.45,333.4 1 0
github.com/gorilla/mux/middleware-orig-test.go:336.2,336.80 1 0
github.com/gorilla/mux/middleware-orig-test.go:336.80,340.99 3 0
github.com/gorilla/mux/middleware-orig-test.go:340.99,342.18 2 0
github.com/gorilla/mux/middleware-orig-test.go:342.18,344.5 1 0
github.com/gorilla/mux/middleware-orig-test.go:346.3,348.45 2 0
github.com/gorilla/mux/middleware-orig-test.go:348.45,350.4 1 0
github.com/gorilla/mux/middleware-orig-test.go:354.52,359.70 4 0
github.com/gorilla/mux/middleware-orig-test.go:359.70,361.17 2 0
github.com/gorilla/mux/middleware-orig-test.go:361.17,363.4 1 0
github.com/gorilla/mux/middleware-orig-test.go:366.2,367.73 2 0
github.com/gorilla/mux/middleware-orig-test.go:367.73,369.17 2 0
github.com/gorilla/mux/middleware-orig-test.go:369.17,371.4 1 0
github.com/gorilla/mux/middleware-orig-test.go:374.2,374.47 1 0
github.com/gorilla/mux/middleware-orig-test.go:374.47,375.72 1 0
github.com/gorilla/mux/middleware-orig-test.go:375.72,377.18 2 0
github.com/gorilla/mux/middleware-orig-test.go:377.18,379.5 1 0
github.com/gorilla/mux/middleware-orig-test.go:380.4,380.21 1 0
github.com/gorilla/mux/middleware-orig-test.go:384.2,384.41 1 0
github.com/gorilla/mux/middleware-orig-test.go:384.41,389.45 4 0
github.com/gorilla/mux/middleware-orig-test.go:389.45,391.4 1 0
github.com/gorilla/mux/middleware-orig-test.go:394.2,394.71 1 0
github.com/gorilla/mux/middleware-orig-test.go:394.71,398.94 3 0
github.com/gorilla/mux/middleware-orig-test.go:398.94,400.18 2 0
github.com/gorilla/mux/middleware-orig-test.go:400.18,402.5 1 0
github.com/gorilla/mux/middleware-orig-test.go:404.3,406.45 2 0
github.com/gorilla/mux/middleware-orig-test.go:406.45,408.4 1 0
github.com/gorilla/mux/middleware-orig-test.go:412.58,417.70 4 0
github.com/gorilla/mux/middleware-orig-test.go:417.70,419.17 2 0
github.com/gorilla/mux/middleware-orig-test.go:419.17,421.4 1 0
github.com/gorilla/mux/middleware-orig-test.go:424.2,425.73 2 0
github.com/gorilla/mux/middleware-orig-test.go:425.73,427.17 2 0
github.com/gorilla/mux/middleware-orig-test.go:427.17,429.4 1 0
github.com/gorilla/mux/middleware-orig-test.go:432.2,432.47 1 0
github.com/gorilla/mux/middleware-orig-test.go:432.47,433.72 1 0
github.com/gorilla/mux/middleware-orig-test.go:433.72,435.18 2 0
github.com/gorilla/mux/middleware-orig-test.go:435.18,437.5 1 0
github.com/gorilla/mux/middleware-orig-test.go:438.4,438.21 1 0
github.com/gorilla/mux/middleware-orig-test.go:442.2,442.41 1 0
github.com/gorilla/mux/middleware-orig-test.go:442.41,447.45 4 0
github.com/gorilla/mux/middleware-orig-test.go:447.45,449.4 1 0
github.com/gorilla/mux/middleware-orig-test.go:452.2,452.80 1 0
github.com/gorilla/mux/middleware-orig-test.go:452.80,456.99 3 0
github.com/gorilla/mux/middleware-orig-test.go:456.99,458.18 2 0
github.com/gorilla/mux/middleware-orig-test.go:458.18,460.5 1 0
github.com/gorilla/mux/middleware-orig-test.go:462.3,464.45 2 0
github.com/gorilla/mux/middleware-orig-test.go:464.45,466.4 1 0
github.com/gorilla/mux/middleware-orig-test.go:470.45,482.36 1 0
github.com/gorilla/mux/middleware-orig-test.go:482.36,484.5 1 0
github.com/gorilla/mux/middleware-orig-test.go:492.36,495.5 2 0
github.com/gorilla/mux/middleware-orig-test.go:503.36,506.5 2 0
github.com/gorilla/mux/middleware-orig-test.go:514.36,516.5 1 0
github.com/gorilla/mux/middleware-orig-test.go:524.36,527.5 2 0
github.com/gorilla/mux/middleware-orig-test.go:540.36,544.5 3 0
github.com/gorilla/mux/middleware-orig-test.go:557.2,557.31 1 0
github.com/gorilla/mux/middleware-orig-test.go:557.31,558.37 1 0
github.com/gorilla/mux/middleware-orig-test.go:558.37,572.73 9 0
github.com/gorilla/mux/middleware-orig-test.go:572.73,574.5 1 0
github.com/gorilla/mux/middleware-orig-test.go:576.4,577.45 2 0
github.com/gorilla/mux/middleware-orig-test.go:577.45,579.5 1 0
github.com/gorilla/mux/middleware-orig-test.go:584.54,599.38 11 0
github.com/gorilla/mux/middleware-orig-test.go:599.38,601.3 1 0
github.com/gorilla/mux/middleware-orig-test.go:604.51,613.90 7 0
github.com/gorilla/mux/middleware-orig-test.go:613.90,615.17 2 0
github.com/gorilla/mux/middleware-orig-test.go:615.17,617.4 1 0
github.com/gorilla/mux/middleware-orig-test.go:620.2,620.83 1 0
github.com/gorilla/mux/middleware-orig-test.go:620.84,622.3 0 0
github.com/gorilla/mux/middleware-orig-test.go:624.2,624.85 1 0
github.com/gorilla/mux/middleware-orig-test.go:624.86,626.3 0 0
github.com/gorilla/mux/middleware-orig-test.go:628.2,628.55 1 0
github.com/gorilla/mux/middleware-orig-test.go:628.55,629.72 1 0
github.com/gorilla/mux/middleware-orig-test.go:629.72,631.18 2 0
github.com/gorilla/mux/middleware-orig-test.go:631.18,633.5 1 0
github.com/gorilla/mux/middleware-orig-test.go:634.4,634.21 1 0
github.com/gorilla/mux/middleware-orig-test.go:638.2,638.56 1 0
github.com/gorilla/mux/middleware-orig-test.go:638.56,639.72 1 0
github.com/gorilla/mux/middleware-orig-test.go:639.72,641.18 2 0
github.com/gorilla/mux/middleware-orig-test.go:641.18,643.5 1 0
github.com/gorilla/mux/middleware-orig-test.go:644.4,644.21 1 0
github.com/gorilla/mux/middleware-orig-test.go:648.2,648.59 1 0
github.com/gorilla/mux/middleware-orig-test.go:648.59,653.32 4 0
github.com/gorilla/mux/middleware-orig-test.go:653.32,655.4 1 0
github.com/gorilla/mux/middleware-orig-test.go:658.2,658.61 1 0
github.com/gorilla/mux/middleware-orig-test.go:658.61,663.33 4 0
github.com/gorilla/mux/middleware-orig-test.go:663.33,665.4 1 0
github.com/gorilla/mux/middleware-orig-test.go:668.2,668.53 1 0
github.com/gorilla/mux/middleware-orig-test.go:668.53,673.35 4 0
github.com/gorilla/mux/middleware-orig-test.go:673.35,675.4 1 0
github.com/gorilla/mux/middleware.go:19.72,21.2 1 1
github.com/gorilla/mux/middleware.go:24.45,25.25 1 1
github.com/gorilla/mux/middleware.go:25.25,27.3 1 1
github.com/gorilla/mux/middleware.go:31.46,33.2 1 0
github.com/gorilla/mux/middleware.go:38.51,39.25 1 0
github.com/gorilla/mux/middleware.go:39.25,41.3 1 0
github.com/gorilla/mux/middleware.go:43.2,43.10 1 0
github.com/gorilla/mux/middleware.go:47.45,49.2 1 0
github.com/gorilla/mux/middleware.go:55.53,56.46 1 1
github.com/gorilla/mux/middleware.go:56.46,57.74 1 1
github.com/gorilla/mux/middleware.go:57.74,59.18 2 1
github.com/gorilla/mux/middleware.go:59.18,60.34 1 1
github.com/gorilla/mux/middleware.go:60.34,61.33 1 1
github.com/gorilla/mux/middleware.go:61.33,63.7 1 1
github.com/gorilla/mux/middleware.go:67.4,67.26 1 1
github.com/gorilla/mux/middleware.go:74.76,77.33 2 1
github.com/gorilla/mux/middleware.go:77.33,79.70 2 1
github.com/gorilla/mux/middleware.go:79.70,81.18 2 1
github.com/gorilla/mux/middleware.go:81.18,83.5 1 0
github.com/gorilla/mux/middleware.go:85.4,85.47 1 1
github.com/gorilla/mux/middleware.go:89.2,89.24 1 1
github.com/gorilla/mux/mux-orig-test.go:24.35,26.31 2 0
github.com/gorilla/mux/mux-orig-test.go:26.31,28.3 1 0
github.com/gorilla/mux/mux-orig-test.go:29.2,29.84 1 0
github.com/gorilla/mux/mux-orig-test.go:32.41,34.2 1 0
github.com/gorilla/mux/mux-orig-test.go:55.29,221.29 2 0
github.com/gorilla/mux/mux-orig-test.go:221.29,222.40 1 0
github.com/gorilla/mux/mux-orig-test.go:222.40,225.4 2 0
github.com/gorilla/mux/mux-orig-test.go:229.29,284.34 1 0
github.com/gorilla/mux/mux-orig-test.go:284.34,288.5 3 0
github.com/gorilla/mux/mux-orig-test.go:455.2,455.29 1 0
github.com/gorilla/mux/mux-orig-test.go:455.29,456.40 1 0
github.com/gorilla/mux/mux-orig-test.go:456.40,461.4 4 0
github.com/gorilla/mux/mux-orig-test.go:465.35,536.29 2 0
github.com/gorilla/mux/mux-orig-test.go:536.29,537.40 1 0
github.com/gorilla/mux/mux-orig-test.go:537.40,541.4 3 0
github.com/gorilla/mux/mux-orig-test.go:545.39,645.29 2 0
github.com/gorilla/mux/mux-orig-test.go:645.29,646.40 1 0
github.com/gorilla/mux/mux-orig-test.go:646.40,650.4 3 0
github.com/gorilla/mux/mux-orig-test.go:654.32,656.89 1 0
github.com/gorilla/mux/mux-orig-test.go:656.89,658.17 2 0
github.com/gorilla/mux/mux-orig-test.go:658.17,659.14 1 0
github.com/gorilla/mux/mux-orig-test.go:661.3,661.29 1 0
github.com/gorilla/mux/mux-orig-test.go:661.29,663.4 1 0
github.com/gorilla/mux/mux-orig-test.go:664.3,664.13 1 0
github.com/gorilla/mux/mux-orig-test.go:667.2,706.29 2 0
github.com/gorilla/mux/mux-orig-test.go:706.29,707.40 1 0
github.com/gorilla/mux/mux-orig-test.go:707.40,710.4 2 0
github.com/gorilla/mux/mux-orig-test.go:714.32,758.29 2 0
github.com/gorilla/mux/mux-orig-test.go:758.29,759.40 1 0
github.com/gorilla/mux/mux-orig-test.go:759.40,763.4 3 0
github.com/gorilla/mux/mux-orig-test.go:767.32,1067.29 2 0
github.com/gorilla/mux/mux-orig-test.go:1067.29,1068.40 1 0
github.com/gorilla/mux/mux-orig-test.go:1068.40,1073.4 4 0
github.com/gorilla/mux/mux-orig-test.go:1077.32,1121.29 2 0
github.com/gorilla/mux/mux-orig-test.go:1121.29,1122.40 1 0
github.com/gorilla/mux/mux-orig-test.go:1122.40,1125.4 2 0
github.com/gorilla/mux/mux-orig-test.go:1129.36,1130.49 1 0
github.com/gorilla/mux/mux-orig-test.go:1130.49,1132.3 1 0
github.com/gorilla/mux/mux-orig-test.go:1134.2,1155.29 2 0
github.com/gorilla/mux/mux-orig-test.go:1155.29,1156.40 1 0
github.com/gorilla/mux/mux-orig-test.go:1156.40,1159.4 2 0
github.com/gorilla/mux/mux-orig-test.go:1163.38,1167.111 1 0
github.com/gorilla/mux/mux-orig-test.go:1167.111,1171.5 3 0
github.com/gorilla/mux/mux-orig-test.go:1179.106,1182.5 2 0
github.com/gorilla/mux/mux-orig-test.go:1182.97,1185.5 2 0
github.com/gorilla/mux/mux-orig-test.go:1193.2,1193.29 1 0
github.com/gorilla/mux/mux-orig-test.go:1193.29,1194.40 1 0
github.com/gorilla/mux/mux-orig-test.go:1194.40,1197.4 2 0
github.com/gorilla/mux/mux-orig-test.go:1201.34,1425.29 7 0
github.com/gorilla/mux/mux-orig-test.go:1425.29,1426.40 1 0
github.com/gorilla/mux/mux-orig-test.go:1426.40,1430.4 3 0
github.com/gorilla/mux/mux-orig-test.go:1434.36,1451.56 14 0
github.com/gorilla/mux/mux-orig-test.go:1451.56,1453.3 1 0
github.com/gorilla/mux/mux-orig-test.go:1453.8,1453.31 1 0
github.com/gorilla/mux/mux-orig-test.go:1453.31,1455.3 1 0
github.com/gorilla/mux/mux-orig-test.go:1458.42,1462.16 4 0
github.com/gorilla/mux/mux-orig-test.go:1462.16,1464.3 1 0
github.com/gorilla/mux/mux-orig-test.go:1467.36,1534.29 4 0
github.com/gorilla/mux/mux-orig-test.go:1534.29,1535.40 1 0
github.com/gorilla/mux/mux-orig-test.go:1535.40,1539.4 3 0
github.com/gorilla/mux/mux-orig-test.go:1543.39,1570.29 4 0
github.com/gorilla/mux/mux-orig-test.go:1570.29,1571.40 1 0
github.com/gorilla/mux/mux-orig-test.go:1571.40,1574.4 2 0
github.com/gorilla/mux/mux-orig-test.go:1578.40,1601.78 19 0
github.com/gorilla/mux/mux-orig-test.go:1601.78,1603.31 2 0
github.com/gorilla/mux/mux-orig-test.go:1603.31,1605.4 1 0
github.com/gorilla/mux/mux-orig-test.go:1606.3,1606.34 1 0
github.com/gorilla/mux/mux-orig-test.go:1606.34,1608.4 1 0
github.com/gorilla/mux/mux-orig-test.go:1609.3,1609.39 1 0
github.com/gorilla/mux/mux-orig-test.go:1609.39,1611.4 1 0
github.com/gorilla/mux/mux-orig-test.go:1612.3,1613.13 2 0
github.com/gorilla/mux/mux-orig-test.go:1615.2,1615.16 1 0
github.com/gorilla/mux/mux-orig-test.go:1615.16,1616.13 1 0
github.com/gorilla/mux/mux-orig-test.go:1618.2,1618.21 1 0
github.com/gorilla/mux/mux-orig-test.go:1618.21,1620.3 1 0
github.com/gorilla/mux/mux-orig-test.go:1623.35,1626.53 2 0
github.com/gorilla/mux/mux-orig-test.go:1626.53,1628.3 1 0
github.com/gorilla/mux/mux-orig-test.go:1630.2,1652.82 10 0
github.com/gorilla/mux/mux-orig-test.go:1652.82,1655.18 3 0
github.com/gorilla/mux/mux-orig-test.go:1655.18,1657.4 1 0
github.com/gorilla/mux/mux-orig-test.go:1658.3,1659.55 2 0
github.com/gorilla/mux/mux-orig-test.go:1659.55,1661.4 1 0
github.com/gorilla/mux/mux-orig-test.go:1662.3,1663.13 2 0
github.com/gorilla/mux/mux-orig-test.go:1665.2,1665.16 1 0
github.com/gorilla/mux/mux-orig-test.go:1665.16,1666.13 1 0
github.com/gorilla/mux/mux-orig-test.go:1668.2,1668.27 1 0
github.com/gorilla/mux/mux-orig-test.go:1668.27,1670.3 1 0
github.com/gorilla/mux/mux-orig-test.go:1673.39,1684.82 8 0
github.com/gorilla/mux/mux-orig-test.go:1684.82,1687.18 3 0
github.com/gorilla/mux/mux-orig-test.go:1687.18,1689.4 1 0
github.com/gorilla/mux/mux-orig-test.go:1690.3,1691.13 2 0
github.com/gorilla/mux/mux-orig-test.go:1693.2,1693.16 1 0
github.com/gorilla/mux/mux-orig-test.go:1693.16,1694.13 1 0
github.com/gorilla/mux/mux-orig-test.go:1696.2,1696.23 1 0
github.com/gorilla/mux/mux-orig-test.go:1696.23,1698.3 1 0
github.com/gorilla/mux/mux-orig-test.go:1701.39,1705.82 4 0
github.com/gorilla/mux/mux-orig-test.go:1705.82,1707.3 1 0
github.com/gorilla/mux/mux-orig-test.go:1708.2,1708.26 1 0
github.com/gorilla/mux/mux-orig-test.go:1708.26,1710.3 1 0
github.com/gorilla/mux/mux-orig-test.go:1713.41,1716.82 3 0
github.com/gorilla/mux/mux-orig-test.go:1716.82,1718.3 1 0
github.com/gorilla/mux/mux-orig-test.go:1719.2,1719.26 1 0
github.com/gorilla/mux/mux-orig-test.go:1719.26,1721.3 1 0
github.com/gorilla/mux/mux-orig-test.go:1724.41,1729.82 5 0
github.com/gorilla/mux/mux-orig-test.go:1729.82,1731.3 1 0
github.com/gorilla/mux/mux-orig-test.go:1732.2,1732.26 1 0
github.com/gorilla/mux/mux-orig-test.go:1732.26,1734.3 1 0
github.com/gorilla/mux/mux-orig-test.go:1737.47,1742.89 4 0
github.com/gorilla/mux/mux-orig-test.go:1742.89,1744.3 1 0
github.com/gorilla/mux/mux-orig-test.go:1745.2,1746.92 2 0
github.com/gorilla/mux/mux-orig-test.go:1746.92,1748.3 1 0
github.com/gorilla/mux/mux-orig-test.go:1750.2,1753.23 3 0
github.com/gorilla/mux/mux-orig-test.go:1753.23,1755.3 1 0
github.com/gorilla/mux/mux-orig-test.go:1756.2,1756.22 1 0
github.com/gorilla/mux/mux-orig-test.go:1756.22,1758.3 1 0
github.com/gorilla/mux/mux-orig-test.go:1762.47,1763.15 1 0
github.com/gorilla/mux/mux-orig-test.go:1763.15,1764.23 1 0
github.com/gorilla/mux/mux-orig-test.go:1764.23,1766.4 1 0
github.com/gorilla/mux/mux-orig-test.go:1768.2,1768.71 1 0
github.com/gorilla/mux/mux-orig-test.go:1771.40,1773.72 2 0
github.com/gorilla/mux/mux-orig-test.go:1773.72,1775.27 2 0
github.com/gorilla/mux/mux-orig-test.go:1775.27,1778.4 2 0
github.com/gorilla/mux/mux-orig-test.go:1780.3,1781.19 2 0
github.com/gorilla/mux/mux-orig-test.go:1781.19,1784.4 2 0
github.com/gorilla/mux/mux-orig-test.go:1786.3,1787.17 2 0
github.com/gorilla/mux/mux-orig-test.go:1787.17,1790.4 2 0
github.com/gorilla/mux/mux-orig-test.go:1792.3,1793.17 2 0
github.com/gorilla/mux/mux-orig-test.go:1793.17,1795.4 1 0
github.com/gorilla/mux/mux-orig-test.go:1798.2,1800.72 3 0
github.com/gorilla/mux/mux-orig-test.go:1800.72,1804.27 3 0
github.com/gorilla/mux/mux-orig-test.go:1804.27,1806.4 1 0
github.com/gorilla/mux/mux-orig-test.go:1806.9,1808.4 1 0
github.com/gorilla/mux/mux-orig-test.go:1810.3,1811.17 2 0
github.com/gorilla/mux/mux-orig-test.go:1811.17,1813.4 1 0
github.com/gorilla/mux/mux-orig-test.go:1816.2,1816.74 1 0
github.com/gorilla/mux/mux-orig-test.go:1816.74,1821.51 4 0
github.com/gorilla/mux/mux-orig-test.go:1821.51,1823.4 1 0
github.com/gorilla/mux/mux-orig-test.go:1826.2,1826.63 1 0
github.com/gorilla/mux/mux-orig-test.go:1826.63,1832.49 5 0
github.com/gorilla/mux/mux-orig-test.go:1832.49,1834.4 1 0
github.com/gorilla/mux/mux-orig-test.go:1842.44,1844.16 2 0
github.com/gorilla/mux/mux-orig-test.go:1844.16,1846.3 1 0
github.com/gorilla/mux/mux-orig-test.go:1847.2,1848.16 2 0
github.com/gorilla/mux/mux-orig-test.go:1848.16,1850.3 1 0
github.com/gorilla/mux/mux-orig-test.go:1851.2,1851.54 1 0
github.com/gorilla/mux/mux-orig-test.go:1854.46,1866.22 8 0
github.com/gorilla/mux/mux-orig-test.go:1866.22,1868.3 1 0
github.com/gorilla/mux/mux-orig-test.go:1870.2,1872.23 3 0
github.com/gorilla/mux/mux-orig-test.go:1872.23,1874.19 2 0
github.com/gorilla/mux/mux-orig-test.go:1874.19,1876.4 1 0
github.com/gorilla/mux/mux-orig-test.go:1877.3,1878.9 2 0
github.com/gorilla/mux/mux-orig-test.go:1880.2,1880.17 1 0
github.com/gorilla/mux/mux-orig-test.go:1880.17,1881.55 1 0
github.com/gorilla/mux/mux-orig-test.go:1881.55,1884.4 2 0
github.com/gorilla/mux/mux-orig-test.go:1885.3,1885.24 1 0
github.com/gorilla/mux/mux-orig-test.go:1885.24,1887.18 2 0
github.com/gorilla/mux/mux-orig-test.go:1887.18,1889.5 1 0
github.com/gorilla/mux/mux-orig-test.go:1890.4,1890.30 1 0
github.com/gorilla/mux/mux-orig-test.go:1890.30,1893.5 2 0
github.com/gorilla/mux/mux-orig-test.go:1895.3,1895.22 1 0
github.com/gorilla/mux/mux-orig-test.go:1895.22,1897.18 2 0
github.com/gorilla/mux/mux-orig-test.go:1897.18,1899.5 1 0
github.com/gorilla/mux/mux-orig-test.go:1900.4,1900.30 1 0
github.com/gorilla/mux/mux-orig-test.go:1900.30,1903.5 2 0
github.com/gorilla/mux/mux-orig-test.go:1904.4,1904.26 1 0
github.com/gorilla/mux/mux-orig-test.go:1904.26,1907.5 2 0
github.com/gorilla/mux/mux-orig-test.go:1909.3,1909.22 1 0
github.com/gorilla/mux/mux-orig-test.go:1909.22,1911.18 2 0
github.com/gorilla/mux/mux-orig-test.go:1911.18,1913.5 1 0
github.com/gorilla/mux/mux-orig-test.go:1914.4,1914.26 1 0
github.com/gorilla/mux/mux-orig-test.go:1914.26,1917.5 2 0
github.com/gorilla/mux/mux-orig-test.go:1919.3,1919.41 1 0
github.com/gorilla/mux/mux-orig-test.go:1919.41,1921.18 2 0
github.com/gorilla/mux/mux-orig-test.go:1921.18,1923.5 1 0
github.com/gorilla/mux/mux-orig-test.go:1924.4,1924.66 1 0
github.com/gorilla/mux/mux-orig-test.go:1924.66,1927.5 2 0
github.com/gorilla/mux/mux-orig-test.go:1929.3,1929.18 1 0
github.com/gorilla/mux/mux-orig-test.go:1929.18,1931.18 2 0
github.com/gorilla/mux/mux-orig-test.go:1931.18,1934.5 2 0
github.com/gorilla/mux/mux-orig-test.go:1935.4,1935.27 1 0
github.com/gorilla/mux/mux-orig-test.go:1935.27,1938.5 2 0
github.com/gorilla/mux/mux-orig-test.go:1940.3,1940.45 1 0
github.com/gorilla/mux/mux-orig-test.go:1940.45,1943.4 2 0
github.com/gorilla/mux/mux-orig-test.go:1944.3,1944.46 1 0
github.com/gorilla/mux/mux-orig-test.go:1944.46,1947.4 2 0
github.com/gorilla/mux/mux-orig-test.go:1951.56,1954.2 2 0
github.com/gorilla/mux/mux-orig-test.go:1956.49,1959.28 3 0
github.com/gorilla/mux/mux-orig-test.go:1959.28,1961.3 1 0
github.com/gorilla/mux/mux-orig-test.go:1962.2,1963.28 2 0
github.com/gorilla/mux/mux-orig-test.go:1963.28,1965.3 1 0
github.com/gorilla/mux/mux-orig-test.go:1967.2,1968.57 2 0
github.com/gorilla/mux/mux-orig-test.go:1968.57,1970.3 1 0
github.com/gorilla/mux/mux-orig-test.go:1972.2,1973.57 2 0
github.com/gorilla/mux/mux-orig-test.go:1973.57,1975.3 1 0
github.com/gorilla/mux/mux-orig-test.go:1978.48,1981.67 3 0
github.com/gorilla/mux/mux-orig-test.go:1981.67,1983.3 1 0
github.com/gorilla/mux/mux-orig-test.go:1986.47,1989.85 3 0
github.com/gorilla/mux/mux-orig-test.go:1989.85,1991.3 1 0
github.com/gorilla/mux/mux-orig-test.go:1994.54,1998.87 4 0
github.com/gorilla/mux/mux-orig-test.go:1998.87,2000.3 1 0
github.com/gorilla/mux/mux-orig-test.go:2003.57,2007.91 4 0
github.com/gorilla/mux/mux-orig-test.go:2007.91,2009.3 1 0
github.com/gorilla/mux/mux-orig-test.go:2017.56,2019.2 1 0
github.com/gorilla/mux/mux-orig-test.go:2021.64,2023.2 1 0
github.com/gorilla/mux/mux-orig-test.go:2025.57,2027.2 1 0
github.com/gorilla/mux/mux-orig-test.go:2029.36,2032.56 2 0
github.com/gorilla/mux/mux-orig-test.go:2032.57,2032.58 0 0
github.com/gorilla/mux/mux-orig-test.go:2033.2,2033.56 1 0
github.com/gorilla/mux/mux-orig-test.go:2033.57,2033.58 0 0
github.com/gorilla/mux/mux-orig-test.go:2035.2,2047.62 7 0
github.com/gorilla/mux/mux-orig-test.go:2047.62,2049.3 1 0
github.com/gorilla/mux/mux-orig-test.go:2052.34,2053.56 1 0
github.com/gorilla/mux/mux-orig-test.go:2053.57,2053.58 0 0
github.com/gorilla/mux/mux-orig-test.go:2054.2,2054.56 1 0
github.com/gorilla/mux/mux-orig-test.go:2054.57,2054.58 0 0
github.com/gorilla/mux/mux-orig-test.go:2056.2,2065.41 8 0
github.com/gorilla/mux/mux-orig-test.go:2065.41,2067.3 1 0
github.com/gorilla/mux/mux-orig-test.go:2071.40,2073.56 2 0
github.com/gorilla/mux/mux-orig-test.go:2073.56,2075.3 1 0
github.com/gorilla/mux/mux-orig-test.go:2076.2,2076.52 1 0
github.com/gorilla/mux/mux-orig-test.go:2076.53,2076.54 0 0
github.com/gorilla/mux/mux-orig-test.go:2078.2,2087.14 9 0
github.com/gorilla/mux/mux-orig-test.go:2087.14,2089.3 1 0
github.com/gorilla/mux/mux-orig-test.go:2090.2,2090.38 1 0
github.com/gorilla/mux/mux-orig-test.go:2090.38,2092.3 1 0
github.com/gorilla/mux/mux-orig-test.go:2093.2,2095.36 3 0
github.com/gorilla/mux/mux-orig-test.go:2095.36,2097.3 1 0
github.com/gorilla/mux/mux-orig-test.go:2100.50,2101.56 1 0
github.com/gorilla/mux/mux-orig-test.go:2101.57,2101.58 0 0
github.com/gorilla/mux/mux-orig-test.go:2103.2,2110.13 6 0
github.com/gorilla/mux/mux-orig-test.go:2110.13,2112.3 1 0
github.com/gorilla/mux/mux-orig-test.go:2114.2,2114.41 1 0
github.com/gorilla/mux/mux-orig-test.go:2114.41,2116.3 1 0
github.com/gorilla/mux/mux-orig-test.go:2118.2,2120.46 3 0
github.com/gorilla/mux/mux-orig-test.go:2120.46,2122.3 1 0
github.com/gorilla/mux/mux-orig-test.go:2125.2,2130.14 4 0
github.com/gorilla/mux/mux-orig-test.go:2130.14,2132.3 1 0
github.com/gorilla/mux/mux-orig-test.go:2134.2,2134.27 1 0
github.com/gorilla/mux/mux-orig-test.go:2134.27,2136.3 1 0
github.com/gorilla/mux/mux-orig-test.go:2139.73,2140.63 1 0
github.com/gorilla/mux/mux-orig-test.go:2140.64,2140.65 0 0
github.com/gorilla/mux/mux-orig-test.go:2142.2,2146.69 4 0
github.com/gorilla/mux/mux-orig-test.go:2146.69,2150.15 4 0
github.com/gorilla/mux/mux-orig-test.go:2150.15,2152.4 1 0
github.com/gorilla/mux/mux-orig-test.go:2153.3,2153.28 1 0
github.com/gorilla/mux/mux-orig-test.go:2153.28,2155.4 1 0
github.com/gorilla/mux/mux-orig-test.go:2158.2,2158.83 1 0
github.com/gorilla/mux/mux-orig-test.go:2158.83,2162.14 4 0
github.com/gorilla/mux/mux-orig-test.go:2162.14,2164.4 1 0
github.com/gorilla/mux/mux-orig-test.go:2165.3,2165.36 1 0
github.com/gorilla/mux/mux-orig-test.go:2165.36,2167.4 1 0
github.com/gorilla/mux/mux-orig-test.go:2170.2,2170.95 1 0
github.com/gorilla/mux/mux-orig-test.go:2170.95,2176.14 6 0
github.com/gorilla/mux/mux-orig-test.go:2176.14,2178.4 1 0
github.com/gorilla/mux/mux-orig-test.go:2179.3,2179.42 1 0
github.com/gorilla/mux/mux-orig-test.go:2179.42,2181.4 1 0
github.com/gorilla/mux/mux-orig-test.go:2186.73,2187.63 1 0
github.com/gorilla/mux/mux-orig-test.go:2187.64,2187.65 0 0
github.com/gorilla/mux/mux-orig-test.go:2189.2,2196.14 7 0
github.com/gorilla/mux/mux-orig-test.go:2196.14,2198.3 1 0
github.com/gorilla/mux/mux-orig-test.go:2199.2,2199.27 1 0
github.com/gorilla/mux/mux-orig-test.go:2199.27,2201.3 1 0
github.com/gorilla/mux/mux-orig-test.go:2204.41,2205.63 1 0
github.com/gorilla/mux/mux-orig-test.go:2205.64,2205.65 0 0
github.com/gorilla/mux/mux-orig-test.go:2207.2,2217.13 8 0
github.com/gorilla/mux/mux-orig-test.go:2217.13,2219.3 1 0
github.com/gorilla/mux/mux-orig-test.go:2221.2,2221.35 1 0
github.com/gorilla/mux/mux-orig-test.go:2221.35,2223.3 1 0
github.com/gorilla/mux/mux-orig-test.go:2226.2,2233.14 5 0
github.com/gorilla/mux/mux-orig-test.go:2233.14,2235.3 1 0
github.com/gorilla/mux/mux-orig-test.go:2237.2,2237.35 1 0
github.com/gorilla/mux/mux-orig-test.go:2237.35,2239.3 1 0
github.com/gorilla/mux/mux-orig-test.go:2242.2,2246.14 3 0
github.com/gorilla/mux/mux-orig-test.go:2246.14,2248.3 1 0
github.com/gorilla/mux/mux-orig-test.go:2250.2,2250.35 1 0
github.com/gorilla/mux/mux-orig-test.go:2250.35,2252.3 1 0
github.com/gorilla/mux/mux-orig-test.go:2270.52,2271.54 1 0
github.com/gorilla/mux/mux-orig-test.go:2271.54,2273.17 2 0
github.com/gorilla/mux/mux-orig-test.go:2273.17,2275.4 1 0
github.com/gorilla/mux/mux-orig-test.go:2281.49,2321.29 8 0
github.com/gorilla/mux/mux-orig-test.go:2321.29,2322.40 1 0
github.com/gorilla/mux/mux-orig-test.go:2322.40,2324.4 1 0
github.com/gorilla/mux/mux-orig-test.go:2330.52,2379.29 8 0
github.com/gorilla/mux/mux-orig-test.go:2379.29,2380.40 1 0
github.com/gorilla/mux/mux-orig-test.go:2380.40,2382.4 1 0
github.com/gorilla/mux/mux-orig-test.go:2388.51,2428.29 8 0
github.com/gorilla/mux/mux-orig-test.go:2428.29,2429.40 1 0
github.com/gorilla/mux/mux-orig-test.go:2429.40,2431.4 1 0
github.com/gorilla/mux/mux-orig-test.go:2437.50,2486.29 10 0
github.com/gorilla/mux/mux-orig-test.go:2486.29,2487.40 1 0
github.com/gorilla/mux/mux-orig-test.go:2487.40,2489.4 1 0
github.com/gorilla/mux/mux-orig-test.go:2495.53,2542.29 8 0
github.com/gorilla/mux/mux-orig-test.go:2542.29,2543.40 1 0
github.com/gorilla/mux/mux-orig-test.go:2543.40,2545.4 1 0
github.com/gorilla/mux/mux-orig-test.go:2549.26,2556.2 3 0
github.com/gorilla/mux/mux-orig-test.go:2559.68,2565.23 4 0
github.com/gorilla/mux/mux-orig-test.go:2566.35,2567.47 1 0
github.com/gorilla/mux/mux-orig-test.go:2567.47,2569.4 1 0
github.com/gorilla/mux/mux-orig-test.go:2569.9,2569.70 1 0
github.com/gorilla/mux/mux-orig-test.go:2569.70,2571.4 1 0
github.com/gorilla/mux/mux-orig-test.go:2573.35,2574.84 1 0
github.com/gorilla/mux/mux-orig-test.go:2574.84,2576.4 1 0
github.com/gorilla/mux/mux-orig-test.go:2578.21,2579.72 1 0
github.com/gorilla/mux/mux-orig-test.go:2579.72,2581.4 1 0
github.com/gorilla/mux/mux-orig-test.go:2583.10,2585.108 2 0
github.com/gorilla/mux/mux-orig-test.go:2589.42,2608.20 3 0
github.com/gorilla/mux/mux-orig-test.go:2608.20,2610.5 1 0
github.com/gorilla/mux/mux-orig-test.go:2611.20,2613.5 1 0
github.com/gorilla/mux/mux-orig-test.go:2623.20,2625.5 1 0
github.com/gorilla/mux/mux-orig-test.go:2626.20,2628.5 1 0
github.com/gorilla/mux/mux-orig-test.go:2638.20,2640.5 1 0
github.com/gorilla/mux/mux-orig-test.go:2641.20,2643.5 1 0
github.com/gorilla/mux/mux-orig-test.go:2652.20,2654.5 1 0
github.com/gorilla/mux/mux-orig-test.go:2655.20,2657.5 1 0
github.com/gorilla/mux/mux-orig-test.go:2667.20,2669.5 1 0
github.com/gorilla/mux/mux-orig-test.go:2670.20,2672.5 1 0
github.com/gorilla/mux/mux-orig-test.go:2682.20,2684.5 1 0
github.com/gorilla/mux/mux-orig-test.go:2685.20,2687.5 1 0
github.com/gorilla/mux/mux-orig-test.go:2705.20,2707.5 1 0
github.com/gorilla/mux/mux-orig-test.go:2708.20,2710.5 1 0
github.com/gorilla/mux/mux-orig-test.go:2720.20,2722.5 1 0
github.com/gorilla/mux/mux-orig-test.go:2723.20,2725.5 1 0
github.com/gorilla/mux/mux-orig-test.go:2734.20,2736.5 1 0
github.com/gorilla/mux/mux-orig-test.go:2737.20,2739.5 1 0
github.com/gorilla/mux/mux-orig-test.go:2749.2,2749.26 1 0
github.com/gorilla/mux/mux-orig-test.go:2749.26,2750.36 1 0
github.com/gorilla/mux/mux-orig-test.go:2750.36,2751.35 1 0
github.com/gorilla/mux/mux-orig-test.go:2751.35,2752.40 1 0
github.com/gorilla/mux/mux-orig-test.go:2752.40,2760.8 1 0
github.com/gorilla/mux/mux-orig-test.go:2760.8,2763.60 3 0
github.com/gorilla/mux/mux-orig-test.go:2763.60,2764.22 1 0
github.com/gorilla/mux/mux-orig-test.go:2764.22,2766.9 1 0
github.com/gorilla/mux/mux-orig-test.go:2766.14,2768.9 1 0
github.com/gorilla/mux/mux-orig-test.go:2778.39,2780.57 1 0
github.com/gorilla/mux/mux-orig-test.go:2780.57,2782.4 1 0
github.com/gorilla/mux/mux-orig-test.go:2783.65,2785.4 1 0
github.com/gorilla/mux/mux-orig-test.go:2789.2,2822.27 2 0
github.com/gorilla/mux/mux-orig-test.go:2822.27,2823.37 1 0
github.com/gorilla/mux/mux-orig-test.go:2823.37,2828.50 2 0
github.com/gorilla/mux/mux-orig-test.go:2828.50,2830.5 1 0
github.com/gorilla/mux/mux-orig-test.go:2831.4,2834.4 2 0
github.com/gorilla/mux/mux-orig-test.go:2834.4,2836.84 2 0
github.com/gorilla/mux/mux-orig-test.go:2836.84,2838.6 1 0
github.com/gorilla/mux/mux-orig-test.go:2839.5,2839.58 1 0
github.com/gorilla/mux/mux-orig-test.go:2843.4,2843.68 1 0
github.com/gorilla/mux/mux-orig-test.go:2843.68,2845.5 1 0
github.com/gorilla/mux/mux-orig-test.go:2846.4,2849.40 2 0
github.com/gorilla/mux/mux-orig-test.go:2849.40,2851.5 1 0
github.com/gorilla/mux/mux-orig-test.go:2856.41,2857.58 1 0
github.com/gorilla/mux/mux-orig-test.go:2857.58,2857.90 1 0
github.com/gorilla/mux/mux-orig-test.go:2858.2,2867.43 7 0
github.com/gorilla/mux/mux-orig-test.go:2867.43,2869.3 1 0
github.com/gorilla/mux/mux-orig-test.go:2872.67,2873.58 1 0
github.com/gorilla/mux/mux-orig-test.go:2873.58,2873.90 1 0
github.com/gorilla/mux/mux-orig-test.go:2875.2,2884.43 8 0
github.com/gorilla/mux/mux-orig-test.go:2884.43,2886.3 1 0
github.com/gorilla/mux/mux-orig-test.go:2893.90,2896.2 2 0
github.com/gorilla/mux/mux-orig-test.go:2898.56,2899.58 1 0
github.com/gorilla/mux/mux-orig-test.go:2899.58,2899.90 1 0
github.com/gorilla/mux/mux-orig-test.go:2901.2,2923.34 8 0
github.com/gorilla/mux/mux-orig-test.go:2923.34,2924.35 1 0
github.com/gorilla/mux/mux-orig-test.go:2924.35,2930.45 4 0
github.com/gorilla/mux/mux-orig-test.go:2930.45,2932.5 1 0
github.com/gorilla/mux/mux-orig-test.go:2934.4,2935.18 2 0
github.com/gorilla/mux/mux-orig-test.go:2935.18,2937.5 1 0
github.com/gorilla/mux/mux-orig-test.go:2939.4,2939.30 1 0
github.com/gorilla/mux/mux-orig-test.go:2939.30,2941.5 1 0
github.com/gorilla/mux/mux-orig-test.go:2946.42,2947.58 1 0
github.com/gorilla/mux/mux-orig-test.go:2947.58,2947.90 1 0
github.com/gorilla/mux/mux-orig-test.go:2948.2,2957.35 7 0
github.com/gorilla/mux/mux-orig-test.go:2957.35,2959.3 1 0
github.com/gorilla/mux/mux-orig-test.go:2962.42,2963.51 1 0
github.com/gorilla/mux/mux-orig-test.go:2963.51,2964.72 1 0
github.com/gorilla/mux/mux-orig-test.go:2964.72,2968.4 3 0
github.com/gorilla/mux/mux-orig-test.go:2971.2,2972.100 2 0
github.com/gorilla/mux/mux-orig-test.go:2972.100,2974.27 2 0
github.com/gorilla/mux/mux-orig-test.go:2974.27,2976.4 1 0
github.com/gorilla/mux/mux-orig-test.go:2979.2,2981.23 3 0
github.com/gorilla/mux/mux-orig-test.go:2984.36,3003.16 5 0
github.com/gorilla/mux/mux-orig-test.go:3003.16,3005.3 1 0
github.com/gorilla/mux/mux-orig-test.go:3007.2,3007.36 1 0
github.com/gorilla/mux/mux-orig-test.go:3007.36,3009.3 1 0
github.com/gorilla/mux/mux-orig-test.go:3011.2,3011.35 1 0
github.com/gorilla/mux/mux-orig-test.go:3011.35,3012.25 1 0
github.com/gorilla/mux/mux-orig-test.go:3012.25,3014.4 1 0
github.com/gorilla/mux/mux-orig-test.go:3025.3,3067.2 1 0
github.com/gorilla/mux/mux-orig-test.go:3069.40,3071.31 2 0
github.com/gorilla/mux/mux-orig-test.go:3071.31,3072.37 1 0
github.com/gorilla/mux/mux-orig-test.go:3072.37,3078.55 6 0
github.com/gorilla/mux/mux-orig-test.go:3078.55,3080.47 2 0
github.com/gorilla/mux/mux-orig-test.go:3080.47,3082.6 1 0
github.com/gorilla/mux/mux-orig-test.go:3083.5,3083.12 1 0
github.com/gorilla/mux/mux-orig-test.go:3084.30,3086.52 2 0
github.com/gorilla/mux/mux-orig-test.go:3086.52,3088.7 1 0
github.com/gorilla/mux/mux-orig-test.go:3089.29,3091.50 2 0
github.com/gorilla/mux/mux-orig-test.go:3091.50,3093.7 1 0
github.com/gorilla/mux/mux-orig-test.go:3094.13,3095.42 1 0
github.com/gorilla/mux/mux-orig-test.go:3095.42,3097.7 1 0
github.com/gorilla/mux/mux-orig-test.go:3099.5,3099.40 1 0
github.com/gorilla/mux/mux-orig-test.go:3101.4,3106.16 6 0
github.com/gorilla/mux/mux-orig-test.go:3106.16,3108.5 1 0
github.com/gorilla/mux/mux-orig-test.go:3113.45,3115.31 2 0
github.com/gorilla/mux/mux-orig-test.go:3115.31,3116.37 1 0
github.com/gorilla/mux/mux-orig-test.go:3116.37,3120.55 4 0
github.com/gorilla/mux/mux-orig-test.go:3120.55,3123.5 2 0
github.com/gorilla/mux/mux-orig-test.go:3124.4,3130.29 7 0
github.com/gorilla/mux/mux-orig-test.go:3130.29,3132.5 1 0
github.com/gorilla/mux/mux-orig-test.go:3133.4,3133.16 1 0
github.com/gorilla/mux/mux-orig-test.go:3133.16,3135.5 1 0
github.com/gorilla/mux/mux-orig-test.go:3141.47,3144.22 3 0
github.com/gorilla/mux/mux-orig-test.go:3144.22,3148.3 3 0
github.com/gorilla/mux/mux-orig-test.go:3149.2,3149.10 1 0
github.com/gorilla/mux/mux-orig-test.go:3153.52,3156.40 3 0
github.com/gorilla/mux/mux-orig-test.go:3156.40,3158.3 1 0
github.com/gorilla/mux/mux-orig-test.go:3159.2,3159.23 1 0
github.com/gorilla/mux/mux-orig-test.go:3159.23,3160.17 1 0
github.com/gorilla/mux/mux-orig-test.go:3160.17,3162.4 1 0
github.com/gorilla/mux/mux-orig-test.go:3164.2,3164.13 1 0
github.com/gorilla/mux/mux-orig-test.go:3169.47,3170.54 1 0
github.com/gorilla/mux/mux-orig-test.go:3170.54,3172.17 2 0
github.com/gorilla/mux/mux-orig-test.go:3172.17,3174.4 1 0
github.com/gorilla/mux/mux-orig-test.go:3182.51,3184.16 2 1
github.com/gorilla/mux/mux-orig-test.go:3184.16,3185.13 1 0
github.com/gorilla/mux/mux-orig-test.go:3189.2,3190.37 2 1
github.com/gorilla/mux/mux-orig-test.go:3190.37,3192.3 1 0
github.com/gorilla/mux/mux-orig-test.go:3194.2,3194.49 1 1
github.com/gorilla/mux/mux-orig-test.go:3194.49,3196.3 1 0
github.com/gorilla/mux/mux-orig-test.go:3197.2,3197.49 1 1
github.com/gorilla/mux/mux-orig-test.go:3197.49,3199.3 1 0
github.com/gorilla/mux/mux-orig-test.go:3203.2,3208.16 4 1
github.com/gorilla/mux/mux-orig-test.go:3208.16,3210.3 1 0
github.com/gorilla/mux/mux-orig-test.go:3211.2,3215.16 3 1
github.com/gorilla/mux/mux-orig-test.go:3215.16,3216.13 1 0
github.com/gorilla/mux/mux-orig-test.go:3218.2,3218.12 1 1
github.com/gorilla/mux/mux-orig-test.go:3222.81,3225.25 2 0
github.com/gorilla/mux/mux-orig-test.go:3225.25,3226.88 1 0
github.com/gorilla/mux/mux-orig-test.go:3229.2,3229.39 1 0
github.com/gorilla/mux/mux-orig-test.go:3229.39,3231.3 1 0
github.com/gorilla/mux/mux-orig-test.go:3233.2,3233.12 1 0
github.com/gorilla/mux/mux-orig-test.go:3237.61,3241.2 3 0
github.com/gorilla/mux/mux.go:32.26,34.2 1 1
github.com/gorilla/mux/mux.go:113.43,116.26 2 1
github.com/gorilla/mux/mux.go:116.26,118.3 1 0
github.com/gorilla/mux/mux.go:120.2,120.26 1 1
github.com/gorilla/mux/mux.go:120.26,122.3 1 1
github.com/gorilla/mux/mux.go:124.2,125.37 2 1
github.com/gorilla/mux/mux.go:125.37,127.3 1 0
github.com/gorilla/mux/mux.go:129.2,132.10 3 1
github.com/gorilla/mux/mux.go:135.51,138.2 2 1
github.com/gorilla/mux/mux.go:151.67,152.33 1 1
github.com/gorilla/mux/mux.go:152.33,153.30 1 1
github.com/gorilla/mux/mux.go:153.30,155.29 1 1
github.com/gorilla/mux/mux.go:155.29,156.50 1 1
github.com/gorilla/mux/mux.go:156.50,158.6 1 1
github.com/gorilla/mux/mux.go:160.4,160.15 1 1
github.com/gorilla/mux/mux.go:164.2,164.41 1 1
github.com/gorilla/mux/mux.go:164.41,165.39 1 1
github.com/gorilla/mux/mux.go:165.39,168.4 2 1
github.com/gorilla/mux/mux.go:170.3,170.15 1 1
github.com/gorilla/mux/mux.go:174.2,174.30 1 1
github.com/gorilla/mux/mux.go:174.30,178.3 3 1
github.com/gorilla/mux/mux.go:180.2,181.14 2 1
github.com/gorilla/mux/mux.go:188.70,189.18 1 1
github.com/gorilla/mux/mux.go:189.18,191.23 2 1
github.com/gorilla/mux/mux.go:191.23,193.4 1 0
github.com/gorilla/mux/mux.go:195.3,195.38 1 1
github.com/gorilla/mux/mux.go:195.38,199.4 3 0
github.com/gorilla/mux/mux.go:201.2,203.26 3 1
github.com/gorilla/mux/mux.go:203.26,205.21 2 1
github.com/gorilla/mux/mux.go:205.21,207.30 1 1
github.com/gorilla/mux/mux.go:207.30,210.5 1 0
github.com/gorilla/mux/mux.go:210.10,212.5 1 1
github.com/gorilla/mux/mux.go:214.4,214.32 1 1
github.com/gorilla/mux/mux.go:214.32,216.5 1 1
github.com/gorilla/mux/mux.go:220.2,220.59 1 1
github.com/gorilla/mux/mux.go:220.59,222.3 1 0
github.com/gorilla/mux/mux.go:224.2,224.20 1 1
github.com/gorilla/mux/mux.go:224.20,226.3 1 1
github.com/gorilla/mux/mux.go:228.2,228.27 1 1
github.com/gorilla/mux/mux.go:232.42,234.2 1 1
github.com/gorilla/mux/mux.go:238.47,240.2 1 0
github.com/gorilla/mux/mux.go:261.50,264.2 2 1
github.com/gorilla/mux/mux.go:274.48,277.2 2 1
github.com/gorilla/mux/mux.go:284.59,287.2 2 1
github.com/gorilla/mux/mux.go:293.60,296.2 2 1
github.com/gorilla/mux/mux.go:304.43,307.2 2 1
github.com/gorilla/mux/mux.go:314.36,319.2 3 1
github.com/gorilla/mux/mux.go:323.43,325.2 1 0
github.com/gorilla/mux/mux.go:329.67,331.2 1 0
github.com/gorilla/mux/mux.go:336.25,338.2 1 1
github.com/gorilla/mux/mux.go:342.50,344.2 1 0
github.com/gorilla/mux/mux.go:348.42,350.2 1 0
github.com/gorilla/mux/mux.go:354.52,356.2 1 0
github.com/gorilla/mux/mux.go:360.52,362.2 1 0
github.com/gorilla/mux/mux.go:366.42,368.2 1 0
github.com/gorilla/mux/mux.go:372.48,374.2 1 0
github.com/gorilla/mux/mux.go:378.50,380.2 1 0
github.com/gorilla/mux/mux.go:384.52,386.2 1 0
github.com/gorilla/mux/mux.go:390.56,392.2 1 0
github.com/gorilla/mux/mux.go:397.46,399.2 1 0
github.com/gorilla/mux/mux.go:410.66,411.29 1 0
github.com/gorilla/mux/mux.go:411.29,413.24 2 0
github.com/gorilla/mux/mux.go:413.24,414.12 1 0
github.com/gorilla/mux/mux.go:416.3,416.17 1 0
github.com/gorilla/mux/mux.go:416.17,418.4 1 0
github.com/gorilla/mux/mux.go:419.3,419.33 1 0
github.com/gorilla/mux/mux.go:419.33,420.33 1 0
github.com/gorilla/mux/mux.go:420.33,423.19 3 0
github.com/gorilla/mux/mux.go:423.19,425.6 1 0
github.com/gorilla/mux/mux.go:426.5,426.45 1 0
github.com/gorilla/mux/mux.go:429.3,429.39 1 0
github.com/gorilla/mux/mux.go:429.39,432.18 3 0
github.com/gorilla/mux/mux.go:432.18,434.5 1 0
github.com/gorilla/mux/mux.go:435.4,435.44 1 0
github.com/gorilla/mux/mux.go:438.2,438.12 1 0
github.com/gorilla/mux/mux.go:466.46,467.49 1 1
github.com/gorilla/mux/mux.go:467.49,469.3 1 1
github.com/gorilla/mux/mux.go:470.2,470.12 1 0
github.com/gorilla/mux/mux.go:477.43,478.50 1 1
github.com/gorilla/mux/mux.go:478.50,480.3 1 1
github.com/gorilla/mux/mux.go:481.2,481.12 1 0
github.com/gorilla/mux/mux.go:484.45,485.51 1 1
github.com/gorilla/mux/mux.go:485.51,487.3 1 1
github.com/gorilla/mux/mux.go:488.2,488.12 1 0
github.com/gorilla/mux/mux.go:493.77,494.20 1 0
github.com/gorilla/mux/mux.go:494.20,496.3 1 0
github.com/gorilla/mux/mux.go:497.2,498.27 2 0
github.com/gorilla/mux/mux.go:505.99,507.19 2 1
github.com/gorilla/mux/mux.go:507.19,509.3 1 1
github.com/gorilla/mux/mux.go:510.2,510.27 1 1
github.com/gorilla/mux/mux.go:513.71,516.2 2 1
github.com/gorilla/mux/mux.go:524.33,525.13 1 1
github.com/gorilla/mux/mux.go:525.13,527.3 1 0
github.com/gorilla/mux/mux.go:528.2,528.17 1 1
github.com/gorilla/mux/mux.go:528.17,530.3 1 0
github.com/gorilla/mux/mux.go:531.2,534.37 2 1
github.com/gorilla/mux/mux.go:534.37,536.3 1 1
github.com/gorilla/mux/mux.go:538.2,538.11 1 1
github.com/gorilla/mux/mux.go:542.50,547.2 3 1
github.com/gorilla/mux/mux.go:550.40,551.24 1 1
github.com/gorilla/mux/mux.go:551.24,552.25 1 1
github.com/gorilla/mux/mux.go:552.25,553.16 1 1
github.com/gorilla/mux/mux.go:553.16,555.5 1 1
github.com/gorilla/mux/mux.go:558.2,558.12 1 1
github.com/gorilla/mux/mux.go:563.47,565.19 2 1
github.com/gorilla/mux/mux.go:565.19,568.3 1 1
github.com/gorilla/mux/mux.go:569.2,569.20 1 1
github.com/gorilla/mux/mux.go:574.71,576.16 2 1
github.com/gorilla/mux/mux.go:576.16,578.3 1 0
github.com/gorilla/mux/mux.go:579.2,580.33 2 1
github.com/gorilla/mux/mux.go:580.33,582.3 1 1
github.com/gorilla/mux/mux.go:583.2,583.15 1 1
github.com/gorilla/mux/mux.go:588.78,590.16 2 1
github.com/gorilla/mux/mux.go:590.16,592.3 1 0
github.com/gorilla/mux/mux.go:593.2,594.33 2 1
github.com/gorilla/mux/mux.go:594.33,596.17 2 1
github.com/gorilla/mux/mux.go:596.17,598.4 1 0
github.com/gorilla/mux/mux.go:599.3,599.22 1 1
github.com/gorilla/mux/mux.go:601.2,601.15 1 1
github.com/gorilla/mux/mux.go:605.52,606.24 1 1
github.com/gorilla/mux/mux.go:606.24,607.17 1 1
github.com/gorilla/mux/mux.go:607.17,609.4 1 1
github.com/gorilla/mux/mux.go:611.2,611.14 1 1
github.com/gorilla/mux/mux.go:615.105,616.28 1 1
github.com/gorilla/mux/mux.go:616.28,618.19 1 1
github.com/gorilla/mux/mux.go:618.19,620.4 1 1
github.com/gorilla/mux/mux.go:621.3,621.42 1 1
github.com/gorilla/mux/mux.go:621.42,623.4 1 1
github.com/gorilla/mux/mux.go:623.9,623.21 1 1
github.com/gorilla/mux/mux.go:623.21,627.33 2 1
github.com/gorilla/mux/mux.go:627.33,628.19 1 1
github.com/gorilla/mux/mux.go:628.19,630.11 2 1
github.com/gorilla/mux/mux.go:633.4,633.20 1 1
github.com/gorilla/mux/mux.go:633.20,635.5 1 1
github.com/gorilla/mux/mux.go:638.2,638.13 1 1
github.com/gorilla/mux/mux.go:643.112,644.28 1 1
github.com/gorilla/mux/mux.go:644.28,646.19 1 1
github.com/gorilla/mux/mux.go:646.19,648.4 1 1
github.com/gorilla/mux/mux.go:649.3,649.42 1 1
github.com/gorilla/mux/mux.go:649.42,651.4 1 0
github.com/gorilla/mux/mux.go:651.9,651.22 1 1
github.com/gorilla/mux/mux.go:651.22,655.33 2 1
github.com/gorilla/mux/mux.go:655.33,656.29 1 1
github.com/gorilla/mux/mux.go:656.29,658.11 2 1
github.com/gorilla/mux/mux.go:661.4,661.20 1 1
github.com/gorilla/mux/mux.go:661.20,663.5 1 1
github.com/gorilla/mux/mux.go:666.2,666.13 1 1
github.com/gorilla/mux/mux.go:670.63,672.2 1 1
github.com/gorilla/mux/mux.go:676.45,676.90 1 1
github.com/gorilla/mux/regexp.go:41.99,44.22 2 1
github.com/gorilla/mux/regexp.go:44.22,46.3 1 0
github.com/gorilla/mux/regexp.go:48.2,51.28 3 1
github.com/gorilla/mux/regexp.go:51.28,53.3 1 1
github.com/gorilla/mux/regexp.go:53.8,53.34 1 1
github.com/gorilla/mux/regexp.go:53.34,55.3 1 1
github.com/gorilla/mux/regexp.go:57.2,57.27 1 1
github.com/gorilla/mux/regexp.go:57.27,59.3 1 1
github.com/gorilla/mux/regexp.go:61.2,62.56 2 1
github.com/gorilla/mux/regexp.go:62.56,65.3 2 1
github.com/gorilla/mux/regexp.go:66.2,75.36 8 1
github.com/gorilla/mux/regexp.go:75.36,87.21 7 1
github.com/gorilla/mux/regexp.go:87.21,90.4 2 1
github.com/gorilla/mux/regexp.go:90.9,93.4 2 1
github.com/gorilla/mux/regexp.go:96.3,96.31 1 1
github.com/gorilla/mux/regexp.go:96.31,98.4 1 1
github.com/gorilla/mux/regexp.go:100.3,110.17 6 1
github.com/gorilla/mux/regexp.go:110.17,112.4 1 1
github.com/gorilla/mux/regexp.go:115.2,117.25 3 1
github.com/gorilla/mux/regexp.go:117.25,119.3 1 1
github.com/gorilla/mux/regexp.go:120.2,120.28 1 1
github.com/gorilla/mux/regexp.go:120.28,122.70 1 1
github.com/gorilla/mux/regexp.go:122.70,124.4 1 0
github.com/gorilla/mux/regexp.go:126.2,126.29 1 1
github.com/gorilla/mux/regexp.go:126.29,128.3 1 1
github.com/gorilla/mux/regexp.go:131.2,133.23 3 1
github.com/gorilla/mux/regexp.go:133.23,135.3 1 0
github.com/gorilla/mux/regexp.go:138.2,138.36 1 1
github.com/gorilla/mux/regexp.go:138.36,140.84 1 0
github.com/gorilla/mux/regexp.go:143.2,144.27 2 1
github.com/gorilla/mux/regexp.go:144.27,145.41 1 1
github.com/gorilla/mux/regexp.go:145.41,147.4 1 1
github.com/gorilla/mux/regexp.go:149.2,150.14 2 1
github.com/gorilla/mux/regexp.go:150.14,152.3 1 1
github.com/gorilla/mux/regexp.go:155.2,164.8 1 1
github.com/gorilla/mux/regexp.go:189.72,190.36 1 1
github.com/gorilla/mux/regexp.go:190.36,192.25 2 1
github.com/gorilla/mux/regexp.go:192.25,194.46 1 1
github.com/gorilla/mux/regexp.go:194.46,196.5 1 1
github.com/gorilla/mux/regexp.go:198.3,198.36 1 1
github.com/gorilla/mux/regexp.go:201.2,201.37 1 1
github.com/gorilla/mux/regexp.go:201.37,203.3 1 1
github.com/gorilla/mux/regexp.go:204.2,205.30 2 1
github.com/gorilla/mux/regexp.go:205.30,207.3 1 0
github.com/gorilla/mux/regexp.go:208.2,208.35 1 1
github.com/gorilla/mux/regexp.go:212.69,214.28 2 1
github.com/gorilla/mux/regexp.go:214.28,216.10 2 1
github.com/gorilla/mux/regexp.go:216.10,218.4 1 0
github.com/gorilla/mux/regexp.go:219.3,219.38 1 1
github.com/gorilla/mux/regexp.go:219.38,221.4 1 0
github.com/gorilla/mux/regexp.go:222.3,222.23 1 1
github.com/gorilla/mux/regexp.go:224.2,225.31 2 1
github.com/gorilla/mux/regexp.go:225.31,229.29 1 0
github.com/gorilla/mux/regexp.go:229.29,230.42 1 0
github.com/gorilla/mux/regexp.go:230.42,234.5 1 0
github.com/gorilla/mux/regexp.go:237.2,237.16 1 1
github.com/gorilla/mux/regexp.go:243.61,244.37 1 1
github.com/gorilla/mux/regexp.go:244.37,246.3 1 0
github.com/gorilla/mux/regexp.go:247.2,249.8 3 1
github.com/gorilla/mux/regexp.go:249.8,251.3 1 1
github.com/gorilla/mux/regexp.go:252.2,252.11 1 1
github.com/gorilla/mux/regexp.go:257.70,259.21 2 1
github.com/gorilla/mux/regexp.go:259.21,261.50 2 1
github.com/gorilla/mux/regexp.go:261.50,263.4 1 1
github.com/gorilla/mux/regexp.go:263.9,265.4 1 1
github.com/gorilla/mux/regexp.go:266.3,266.25 1 1
github.com/gorilla/mux/regexp.go:266.25,267.12 1 0
github.com/gorilla/mux/regexp.go:269.3,270.50 2 1
github.com/gorilla/mux/regexp.go:270.50,272.4 1 1
github.com/gorilla/mux/regexp.go:273.3,273.31 1 1
github.com/gorilla/mux/regexp.go:273.31,275.12 1 1
github.com/gorilla/mux/regexp.go:277.3,278.17 2 1
github.com/gorilla/mux/regexp.go:278.17,279.12 1 0
github.com/gorilla/mux/regexp.go:281.3,281.23 1 1
github.com/gorilla/mux/regexp.go:281.23,282.12 1 1
github.com/gorilla/mux/regexp.go:284.3,285.17 2 1
github.com/gorilla/mux/regexp.go:285.17,286.12 1 0
github.com/gorilla/mux/regexp.go:288.3,288.27 1 1
github.com/gorilla/mux/regexp.go:290.2,290.18 1 1
github.com/gorilla/mux/regexp.go:293.64,295.2 1 1
github.com/gorilla/mux/regexp.go:299.44,302.30 3 1
github.com/gorilla/mux/regexp.go:302.30,303.15 1 1
github.com/gorilla/mux/regexp.go:304.12,305.27 1 1
github.com/gorilla/mux/regexp.go:305.27,307.5 1 1
github.com/gorilla/mux/regexp.go:308.12,309.27 1 1
github.com/gorilla/mux/regexp.go:309.27,311.5 1 1
github.com/gorilla/mux/regexp.go:311.10,311.24 1 1
github.com/gorilla/mux/regexp.go:311.24,313.5 1 0
github.com/gorilla/mux/regexp.go:316.2,316.16 1 1
github.com/gorilla/mux/regexp.go:316.16,318.3 1 0
github.com/gorilla/mux/regexp.go:319.2,319.18 1 1
github.com/gorilla/mux/regexp.go:323.35,325.2 1 1
github.com/gorilla/mux/regexp.go:339.80,341.19 1 1
github.com/gorilla/mux/regexp.go:341.19,342.28 1 1
github.com/gorilla/mux/regexp.go:342.28,344.31 2 1
github.com/gorilla/mux/regexp.go:344.31,346.47 1 1
github.com/gorilla/mux/regexp.go:346.47,348.6 1 1
github.com/gorilla/mux/regexp.go:350.4,351.24 2 1
github.com/gorilla/mux/regexp.go:351.24,353.5 1 1
github.com/gorilla/mux/regexp.go:356.2,357.22 2 1
github.com/gorilla/mux/regexp.go:357.22,359.3 1 0
github.com/gorilla/mux/regexp.go:361.2,361.19 1 1
github.com/gorilla/mux/regexp.go:361.19,362.28 1 1
github.com/gorilla/mux/regexp.go:362.28,364.24 2 1
github.com/gorilla/mux/regexp.go:364.24,366.5 1 1
github.com/gorilla/mux/regexp.go:369.3,369.33 1 1
github.com/gorilla/mux/regexp.go:369.33,372.16 3 1
github.com/gorilla/mux/regexp.go:372.16,374.11 2 1
github.com/gorilla/mux/regexp.go:374.11,376.6 1 1
github.com/gorilla/mux/regexp.go:376.11,378.6 1 1
github.com/gorilla/mux/regexp.go:379.5,380.69 2 1
github.com/gorilla/mux/regexp.go:385.2,385.30 1 1
github.com/gorilla/mux/regexp.go:385.30,386.23 1 1
github.com/gorilla/mux/regexp.go:386.23,389.24 3 0
github.com/gorilla/mux/regexp.go:389.24,391.5 1 0
github.com/gorilla/mux/regexp.go:399.38,400.19 1 1
github.com/gorilla/mux/regexp.go:400.19,402.3 1 1
github.com/gorilla/mux/regexp.go:403.2,403.15 1 0
github.com/gorilla/mux/regexp.go:406.107,407.29 1 1
github.com/gorilla/mux/regexp.go:407.29,408.20 1 1
github.com/gorilla/mux/regexp.go:408.20,410.4 1 1
github.com/gorilla/mux/regexp.go:411.3,411.54 1 1
github.com/gorilla/mux/regexp.go:413.2,413.15 1 1
github.com/gorilla/mux/route.go:42.34,44.2 1 0
github.com/gorilla/mux/route.go:47.66,48.33 1 1
github.com/gorilla/mux/route.go:48.33,50.3 1 0
github.com/gorilla/mux/route.go:52.2,55.31 2 1
github.com/gorilla/mux/route.go:55.31,56.47 1 1
github.com/gorilla/mux/route.go:56.47,57.38 1 1
github.com/gorilla/mux/route.go:57.38,59.13 2 1
github.com/gorilla/mux/route.go:68.4,68.38 1 1
github.com/gorilla/mux/route.go:68.38,69.41 1 1
github.com/gorilla/mux/route.go:69.41,71.11 2 1
github.com/gorilla/mux/route.go:82.4,82.37 1 1
github.com/gorilla/mux/route.go:82.37,84.5 1 1
github.com/gorilla/mux/route.go:86.4,87.16 2 1
github.com/gorilla/mux/route.go:91.2,91.21 1 1
github.com/gorilla/mux/route.go:91.21,94.3 2 1
github.com/gorilla/mux/route.go:96.2,96.47 1 1
github.com/gorilla/mux/route.go:96.47,101.3 2 1
github.com/gorilla/mux/route.go:104.2,104.24 1 1
github.com/gorilla/mux/route.go:104.24,106.3 1 1
github.com/gorilla/mux/route.go:107.2,107.26 1 1
github.com/gorilla/mux/route.go:107.26,109.3 1 1
github.com/gorilla/mux/route.go:112.2,113.13 2 1
github.com/gorilla/mux/route.go:121.34,123.2 1 0
github.com/gorilla/mux/route.go:126.36,129.2 2 0
github.com/gorilla/mux/route.go:134.53,135.23 1 1
github.com/gorilla/mux/route.go:135.23,137.3 1 1
github.com/gorilla/mux/route.go:139.2,140.10 2 1
github.com/gorilla/mux/route.go:144.43,146.2 1 1
github.com/gorilla/mux/route.go:149.48,152.2 2 0
github.com/gorilla/mux/route.go:155.56,157.9 2 1
github.com/gorilla/mux/route.go:157.9,159.3 1 1
github.com/gorilla/mux/route.go:161.2,161.19 1 1
github.com/gorilla/mux/route.go:165.68,167.9 2 1
github.com/gorilla/mux/route.go:167.9,169.3 1 1
github.com/gorilla/mux/route.go:171.2,171.14 1 1
github.com/gorilla/mux/route.go:177.54,178.18 1 1
github.com/gorilla/mux/route.go:178.18,180.3 1 1
github.com/gorilla/mux/route.go:181.2,181.10 1 1
github.com/gorilla/mux/route.go:185.80,187.2 1 1
github.com/gorilla/mux/route.go:190.43,192.2 1 0
github.com/gorilla/mux/route.go:196.58,199.46 2 1
github.com/gorilla/mux/route.go:199.46,200.48 1 0
github.com/gorilla/mux/route.go:200.48,202.4 1 0
github.com/gorilla/mux/route.go:205.2,205.16 1 1
github.com/gorilla/mux/route.go:212.42,213.18 1 1
github.com/gorilla/mux/route.go:213.18,216.3 1 0
github.com/gorilla/mux/route.go:217.2,217.18 1 1
github.com/gorilla/mux/route.go:217.18,220.3 2 1
github.com/gorilla/mux/route.go:221.2,221.10 1 1
github.com/gorilla/mux/route.go:225.34,227.2 1 1
github.com/gorilla/mux/route.go:239.46,240.18 1 1
github.com/gorilla/mux/route.go:240.18,242.3 1 1
github.com/gorilla/mux/route.go:243.2,243.10 1 1
github.com/gorilla/mux/route.go:247.68,248.18 1 1
github.com/gorilla/mux/route.go:248.18,250.3 1 0
github.com/gorilla/mux/route.go:251.2,251.54 1 1
github.com/gorilla/mux/route.go:251.54,252.36 1 1
github.com/gorilla/mux/route.go:252.36,254.4 1 0
github.com/gorilla/mux/route.go:255.3,255.27 1 1
github.com/gorilla/mux/route.go:255.27,257.4 1 0
github.com/gorilla/mux/route.go:259.2,263.16 2 1
github.com/gorilla/mux/route.go:263.16,265.3 1 0
github.com/gorilla/mux/route.go:266.2,266.37 1 1
github.com/gorilla/mux/route.go:266.37,267.54 1 0
github.com/gorilla/mux/route.go:267.54,269.4 1 0
github.com/gorilla/mux/route.go:271.2,271.27 1 1
github.com/gorilla/mux/route.go:271.27,272.27 1 1
github.com/gorilla/mux/route.go:272.27,273.67 1 1
github.com/gorilla/mux/route.go:273.67,275.5 1 0
github.com/gorilla/mux/route.go:277.3,277.21 1 1
github.com/gorilla/mux/route.go:278.8,279.27 1 1
github.com/gorilla/mux/route.go:279.27,280.67 1 1
github.com/gorilla/mux/route.go:280.67,282.5 1 1
github.com/gorilla/mux/route.go:284.3,284.29 1 1
github.com/gorilla/mux/route.go:284.29,286.4 1 1
github.com/gorilla/mux/route.go:286.9,288.4 1 1
github.com/gorilla/mux/route.go:290.2,291.12 2 1
github.com/gorilla/mux/route.go:299.71,301.2 1 1
github.com/gorilla/mux/route.go:312.49,313.18 1 1
github.com/gorilla/mux/route.go:313.18,317.3 3 1
github.com/gorilla/mux/route.go:318.2,318.10 1 0
github.com/gorilla/mux/route.go:324.76,326.2 1 1
github.com/gorilla/mux/route.go:338.55,339.18 1 1
github.com/gorilla/mux/route.go:339.18,343.3 3 1
github.com/gorilla/mux/route.go:344.2,344.10 1 0
github.com/gorilla/mux/route.go:366.41,369.2 2 1
github.com/gorilla/mux/route.go:377.69,379.2 1 0
github.com/gorilla/mux/route.go:382.51,384.2 1 0
github.com/gorilla/mux/route.go:391.71,393.2 1 1
github.com/gorilla/mux/route.go:398.51,399.28 1 1
github.com/gorilla/mux/route.go:399.28,401.3 1 1
github.com/gorilla/mux/route.go:402.2,402.45 1 1
github.com/gorilla/mux/route.go:426.41,429.2 2 1
github.com/gorilla/mux/route.go:442.47,445.2 2 1
github.com/gorilla/mux/route.go:466.49,468.19 2 1
github.com/gorilla/mux/route.go:468.19,472.3 2 0
github.com/gorilla/mux/route.go:473.2,473.33 1 1
github.com/gorilla/mux/route.go:473.33,474.89 1 1
github.com/gorilla/mux/route.go:474.89,476.4 1 0
github.com/gorilla/mux/route.go:479.2,479.10 1 1
github.com/gorilla/mux/route.go:487.71,494.18 2 1
github.com/gorilla/mux/route.go:494.18,495.19 1 1
github.com/gorilla/mux/route.go:495.19,497.4 1 1
github.com/gorilla/mux/route.go:497.9,499.4 1 1
github.com/gorilla/mux/route.go:501.2,501.32 1 1
github.com/gorilla/mux/route.go:512.51,513.28 1 1
github.com/gorilla/mux/route.go:513.28,515.3 1 1
github.com/gorilla/mux/route.go:516.2,516.22 1 1
github.com/gorilla/mux/route.go:516.22,518.3 1 1
github.com/gorilla/mux/route.go:519.2,519.45 1 1
github.com/gorilla/mux/route.go:530.55,531.28 1 0
github.com/gorilla/mux/route.go:531.28,534.65 2 0
github.com/gorilla/mux/route.go:534.65,536.4 1 0
github.com/gorilla/mux/route.go:537.8,539.3 1 0
github.com/gorilla/mux/route.go:540.2,540.10 1 0
github.com/gorilla/mux/route.go:557.37,562.2 3 1
github.com/gorilla/mux/route.go:606.56,607.18 1 1
github.com/gorilla/mux/route.go:607.18,609.3 1 0
github.com/gorilla/mux/route.go:610.2,611.16 2 1
github.com/gorilla/mux/route.go:611.16,613.3 1 0
github.com/gorilla/mux/route.go:614.2,616.26 3 1
github.com/gorilla/mux/route.go:616.26,617.56 1 1
github.com/gorilla/mux/route.go:617.56,619.4 1 0
github.com/gorilla/mux/route.go:620.3,621.26 2 1
github.com/gorilla/mux/route.go:621.26,623.4 1 1
github.com/gorilla/mux/route.go:625.2,625.26 1 1
github.com/gorilla/mux/route.go:625.26,626.56 1 1
github.com/gorilla/mux/route.go:626.56,628.4 1 0
github.com/gorilla/mux/route.go:630.2,630.37 1 1
github.com/gorilla/mux/route.go:630.37,632.45 2 0
github.com/gorilla/mux/route.go:632.45,634.4 1 0
github.com/gorilla/mux/route.go:635.3,635.35 1 0
github.com/gorilla/mux/route.go:637.2,642.8 1 1
github.com/gorilla/mux/route.go:648.60,649.18 1 0
github.com/gorilla/mux/route.go:649.18,651.3 1 0
github.com/gorilla/mux/route.go:652.2,652.26 1 0
github.com/gorilla/mux/route.go:652.26,654.3 1 0
github.com/gorilla/mux/route.go:655.2,656.16 2 0
github.com/gorilla/mux/route.go:656.16,658.3 1 0
github.com/gorilla/mux/route.go:659.2,660.16 2 0
github.com/gorilla/mux/route.go:660.16,662.3 1 0
github.com/gorilla/mux/route.go:663.2,667.25 2 0
github.com/gorilla/mux/route.go:667.25,669.3 1 0
github.com/gorilla/mux/route.go:670.2,670.15 1 0
github.com/gorilla/mux/route.go:676.60,677.18 1 0
github.com/gorilla/mux/route.go:677.18,679.3 1 0
github.com/gorilla/mux/route.go:680.2,680.26 1 0
github.com/gorilla/mux/route.go:680.26,682.3 1 0
github.com/gorilla/mux/route.go:683.2,684.16 2 0
github.com/gorilla/mux/route.go:684.16,686.3 1 0
github.com/gorilla/mux/route.go:687.2,688.16 2 0
github.com/gorilla/mux/route.go:688.16,690.3 1 0
github.com/gorilla/mux/route.go:691.2,693.8 1 0
github.com/gorilla/mux/route.go:701.51,702.18 1 0
github.com/gorilla/mux/route.go:702.18,704.3 1 0
github.com/gorilla/mux/route.go:705.2,705.26 1 0
github.com/gorilla/mux/route.go:705.26,707.3 1 0
github.com/gorilla/mux/route.go:708.2,708.36 1 0
github.com/gorilla/mux/route.go:715.49,716.18 1 0
github.com/gorilla/mux/route.go:716.18,718.3 1 0
github.com/gorilla/mux/route.go:719.2,719.26 1 0
github.com/gorilla/mux/route.go:719.26,721.3 1 0
github.com/gorilla/mux/route.go:722.2,722.43 1 0
github.com/gorilla/mux/route.go:730.54,731.18 1 0
github.com/gorilla/mux/route.go:731.18,733.3 1 0
github.com/gorilla/mux/route.go:734.2,734.29 1 0
github.com/gorilla/mux/route.go:734.29,736.3 1 0
github.com/gorilla/mux/route.go:737.2,738.41 2 0
github.com/gorilla/mux/route.go:738.41,740.3 1 0
github.com/gorilla/mux/route.go:741.2,741.21 1 0
github.com/gorilla/mux/route.go:749.57,750.18 1 0
github.com/gorilla/mux/route.go:750.18,752.3 1 0
github.com/gorilla/mux/route.go:753.2,753.29 1 0
github.com/gorilla/mux/route.go:753.29,755.3 1 0
github.com/gorilla/mux/route.go:756.2,757.41 2 0
github.com/gorilla/mux/route.go:757.41,759.3 1 0
github.com/gorilla/mux/route.go:760.2,760.21 1 0
github.com/gorilla/mux/route.go:767.48,768.18 1 1
github.com/gorilla/mux/route.go:768.18,770.3 1 0
github.com/gorilla/mux/route.go:771.2,771.31 1 1
github.com/gorilla/mux/route.go:771.31,772.43 1 1
github.com/gorilla/mux/route.go:772.43,774.4 1 1
github.com/gorilla/mux/route.go:776.2,776.59 1 0
github.com/gorilla/mux/route.go:784.51,785.18 1 0
github.com/gorilla/mux/route.go:785.18,787.3 1 0
github.com/gorilla/mux/route.go:788.2,788.26 1 0
github.com/gorilla/mux/route.go:788.26,790.3 1 0
github.com/gorilla/mux/route.go:791.2,791.36 1 0
github.com/gorilla/mux/route.go:796.49,797.18 1 0
github.com/gorilla/mux/route.go:797.18,799.3 1 0
github.com/gorilla/mux/route.go:800.2,801.26 2 0
github.com/gorilla/mux/route.go:801.26,803.3 1 0
github.com/gorilla/mux/route.go:804.2,804.26 1 0
github.com/gorilla/mux/route.go:804.26,806.3 1 0
github.com/gorilla/mux/route.go:807.2,807.40 1 0
github.com/gorilla/mux/route.go:807.40,809.3 1 0
github.com/gorilla/mux/route.go:810.2,810.22 1 0
github.com/gorilla/mux/route.go:815.73,817.16 2 1
github.com/gorilla/mux/route.go:817.16,819.3 1 0
github.com/gorilla/mux/route.go:820.2,820.28 1 1
github.com/gorilla/mux/route.go:823.66,824.28 1 1
github.com/gorilla/mux/route.go:824.28,826.3 1 0
github.com/gorilla/mux/route.go:827.2,827.10 1 1
github.com/gorilla/mux/test_helpers.go:17.71,19.2 1 0
