mode: set
github.com/gorilla/mux/middleware.go:19.72,21.2 1 1
github.com/gorilla/mux/middleware.go:24.45,25.25 1 1
github.com/gorilla/mux/middleware.go:25.25,27.3 1 1
github.com/gorilla/mux/middleware.go:31.46,33.2 1 1
github.com/gorilla/mux/middleware.go:38.51,39.25 1 1
github.com/gorilla/mux/middleware.go:39.25,41.3 1 1
github.com/gorilla/mux/middleware.go:43.2,43.10 1 1
github.com/gorilla/mux/middleware.go:47.45,49.2 1 1
github.com/gorilla/mux/middleware.go:55.53,56.46 1 1
github.com/gorilla/mux/middleware.go:56.46,57.74 1 1
github.com/gorilla/mux/middleware.go:57.74,59.18 2 1
github.com/gorilla/mux/middleware.go:59.18,60.34 1 1
github.com/gorilla/mux/middleware.go:60.34,61.33 1 1
github.com/gorilla/mux/middleware.go:61.33,63.7 1 1
github.com/gorilla/mux/middleware.go:67.4,67.26 1 1
github.com/gorilla/mux/middleware.go:74.76,77.33 2 1
github.com/gorilla/mux/middleware.go:77.33,79.70 2 1
github.com/gorilla/mux/middleware.go:79.70,81.18 2 1
github.com/gorilla/mux/middleware.go:81.18,83.5 1 1
github.com/gorilla/mux/middleware.go:85.4,85.47 1 1
github.com/gorilla/mux/middleware.go:89.2,89.24 1 1
github.com/gorilla/mux/mux.go:32.26,34.2 1 1
github.com/gorilla/mux/mux.go:113.43,116.26 2 1
github.com/gorilla/mux/mux.go:116.26,118.3 1 1
github.com/gorilla/mux/mux.go:120.2,120.26 1 1
github.com/gorilla/mux/mux.go:120.26,122.3 1 1
github.com/gorilla/mux/mux.go:124.2,125.37 2 1
github.com/gorilla/mux/mux.go:125.37,127.3 1 1
github.com/gorilla/mux/mux.go:129.2,132.10 3 1
github.com/gorilla/mux/mux.go:135.51,138.2 2 1
github.com/gorilla/mux/mux.go:151.67,152.33 1 1
github.com/gorilla/mux/mux.go:152.33,153.30 1 1
github.com/gorilla/mux/mux.go:153.30,155.29 1 1
github.com/gorilla/mux/mux.go:155.29,156.50 1 1
github.com/gorilla/mux/mux.go:156.50,158.6 1 1
github.com/gorilla/mux/mux.go:160.4,160.15 1 1
github.com/gorilla/mux/mux.go:164.2,164.41 1 1
github.com/gorilla/mux/mux.go:164.41,165.39 1 1
github.com/gorilla/mux/mux.go:165.39,168.4 2 1
github.com/gorilla/mux/mux.go:170.3,170.15 1 1
github.com/gorilla/mux/mux.go:174.2,174.30 1 1
github.com/gorilla/mux/mux.go:174.30,178.3 3 1
github.com/gorilla/mux/mux.go:180.2,181.14 2 1
github.com/gorilla/mux/mux.go:188.70,189.18 1 1
github.com/gorilla/mux/mux.go:189.18,191.23 2 1
github.com/gorilla/mux/mux.go:191.23,193.4 1 0
github.com/gorilla/mux/mux.go:195.3,195.38 1 1
github.com/gorilla/mux/mux.go:195.38,199.4 3 1
github.com/gorilla/mux/mux.go:201.2,203.26 3 1
github.com/gorilla/mux/mux.go:203.26,205.21 2 1
github.com/gorilla/mux/mux.go:205.21,207.30 1 1
github.com/gorilla/mux/mux.go:207.30,210.5 1 1
github.com/gorilla/mux/mux.go:210.10,212.5 1 1
github.com/gorilla/mux/mux.go:214.4,214.32 1 1
github.com/gorilla/mux/mux.go:214.32,216.5 1 1
github.com/gorilla/mux/mux.go:220.2,220.59 1 1
github.com/gorilla/mux/mux.go:220.59,222.3 1 1
github.com/gorilla/mux/mux.go:224.2,224.20 1 1
github.com/gorilla/mux/mux.go:224.20,226.3 1 1
github.com/gorilla/mux/mux.go:228.2,228.27 1 1
github.com/gorilla/mux/mux.go:232.42,234.2 1 1
github.com/gorilla/mux/mux.go:238.47,240.2 1 0
github.com/gorilla/mux/mux.go:261.50,264.2 2 1
github.com/gorilla/mux/mux.go:274.48,277.2 2 1
github.com/gorilla/mux/mux.go:284.59,287.2 2 1
github.com/gorilla/mux/mux.go:293.60,296.2 2 1
github.com/gorilla/mux/mux.go:304.43,307.2 2 1
github.com/gorilla/mux/mux.go:314.36,319.2 3 1
github.com/gorilla/mux/mux.go:323.43,325.2 1 1
github.com/gorilla/mux/mux.go:329.67,331.2 1 1
github.com/gorilla/mux/mux.go:336.25,338.2 1 1
github.com/gorilla/mux/mux.go:342.50,344.2 1 1
github.com/gorilla/mux/mux.go:348.42,350.2 1 1
github.com/gorilla/mux/mux.go:354.52,356.2 1 0
github.com/gorilla/mux/mux.go:360.52,362.2 1 1
github.com/gorilla/mux/mux.go:366.42,368.2 1 1
github.com/gorilla/mux/mux.go:372.48,374.2 1 1
github.com/gorilla/mux/mux.go:378.50,380.2 1 1
github.com/gorilla/mux/mux.go:384.52,386.2 1 1
github.com/gorilla/mux/mux.go:390.56,392.2 1 0
github.com/gorilla/mux/mux.go:397.46,399.2 1 1
github.com/gorilla/mux/mux.go:410.66,411.29 1 1
github.com/gorilla/mux/mux.go:411.29,413.24 2 1
github.com/gorilla/mux/mux.go:413.24,414.12 1 1
github.com/gorilla/mux/mux.go:416.3,416.17 1 1
github.com/gorilla/mux/mux.go:416.17,418.4 1 1
github.com/gorilla/mux/mux.go:419.3,419.33 1 1
github.com/gorilla/mux/mux.go:419.33,420.33 1 1
github.com/gorilla/mux/mux.go:420.33,423.19 3 1
github.com/gorilla/mux/mux.go:423.19,425.6 1 0
github.com/gorilla/mux/mux.go:426.5,426.45 1 1
github.com/gorilla/mux/mux.go:429.3,429.39 1 1
github.com/gorilla/mux/mux.go:429.39,432.18 3 1
github.com/gorilla/mux/mux.go:432.18,434.5 1 0
github.com/gorilla/mux/mux.go:435.4,435.44 1 1
github.com/gorilla/mux/mux.go:438.2,438.12 1 1
github.com/gorilla/mux/mux.go:466.46,467.49 1 1
github.com/gorilla/mux/mux.go:467.49,469.3 1 1
github.com/gorilla/mux/mux.go:470.2,470.12 1 1
github.com/gorilla/mux/mux.go:477.43,478.50 1 1
github.com/gorilla/mux/mux.go:478.50,480.3 1 1
github.com/gorilla/mux/mux.go:481.2,481.12 1 1
github.com/gorilla/mux/mux.go:484.45,485.51 1 1
github.com/gorilla/mux/mux.go:485.51,487.3 1 1
github.com/gorilla/mux/mux.go:488.2,488.12 1 1
github.com/gorilla/mux/mux.go:493.77,494.20 1 1
github.com/gorilla/mux/mux.go:494.20,496.3 1 1
github.com/gorilla/mux/mux.go:497.2,498.27 2 1
github.com/gorilla/mux/mux.go:505.99,507.19 2 1
github.com/gorilla/mux/mux.go:507.19,509.3 1 1
github.com/gorilla/mux/mux.go:510.2,510.27 1 1
github.com/gorilla/mux/mux.go:513.71,516.2 2 1
github.com/gorilla/mux/mux.go:524.33,525.13 1 1
github.com/gorilla/mux/mux.go:525.13,527.3 1 0
github.com/gorilla/mux/mux.go:528.2,528.17 1 1
github.com/gorilla/mux/mux.go:528.17,530.3 1 0
github.com/gorilla/mux/mux.go:531.2,534.37 2 1
github.com/gorilla/mux/mux.go:534.37,536.3 1 1
github.com/gorilla/mux/mux.go:538.2,538.11 1 1
github.com/gorilla/mux/mux.go:542.50,547.2 3 1
github.com/gorilla/mux/mux.go:550.40,551.24 1 1
github.com/gorilla/mux/mux.go:551.24,552.25 1 1
github.com/gorilla/mux/mux.go:552.25,553.16 1 1
github.com/gorilla/mux/mux.go:553.16,555.5 1 1
github.com/gorilla/mux/mux.go:558.2,558.12 1 1
github.com/gorilla/mux/mux.go:563.47,565.19 2 1
github.com/gorilla/mux/mux.go:565.19,568.3 1 1
github.com/gorilla/mux/mux.go:569.2,569.20 1 1
github.com/gorilla/mux/mux.go:574.71,576.16 2 1
github.com/gorilla/mux/mux.go:576.16,578.3 1 1
github.com/gorilla/mux/mux.go:579.2,580.33 2 1
github.com/gorilla/mux/mux.go:580.33,582.3 1 1
github.com/gorilla/mux/mux.go:583.2,583.15 1 1
github.com/gorilla/mux/mux.go:588.78,590.16 2 1
github.com/gorilla/mux/mux.go:590.16,592.3 1 0
github.com/gorilla/mux/mux.go:593.2,594.33 2 1
github.com/gorilla/mux/mux.go:594.33,596.17 2 1
github.com/gorilla/mux/mux.go:596.17,598.4 1 0
github.com/gorilla/mux/mux.go:599.3,599.22 1 1
github.com/gorilla/mux/mux.go:601.2,601.15 1 1
github.com/gorilla/mux/mux.go:605.52,606.24 1 1
github.com/gorilla/mux/mux.go:606.24,607.17 1 1
github.com/gorilla/mux/mux.go:607.17,609.4 1 1
github.com/gorilla/mux/mux.go:611.2,611.14 1 1
github.com/gorilla/mux/mux.go:615.105,616.28 1 1
github.com/gorilla/mux/mux.go:616.28,618.19 1 1
github.com/gorilla/mux/mux.go:618.19,620.4 1 1
github.com/gorilla/mux/mux.go:621.3,621.42 1 1
github.com/gorilla/mux/mux.go:621.42,623.4 1 1
github.com/gorilla/mux/mux.go:623.9,623.21 1 1
github.com/gorilla/mux/mux.go:623.21,627.33 2 1
github.com/gorilla/mux/mux.go:627.33,628.19 1 1
github.com/gorilla/mux/mux.go:628.19,630.11 2 1
github.com/gorilla/mux/mux.go:633.4,633.20 1 1
github.com/gorilla/mux/mux.go:633.20,635.5 1 1
github.com/gorilla/mux/mux.go:638.2,638.13 1 1
github.com/gorilla/mux/mux.go:643.112,644.28 1 1
github.com/gorilla/mux/mux.go:644.28,646.19 1 1
github.com/gorilla/mux/mux.go:646.19,648.4 1 1
github.com/gorilla/mux/mux.go:649.3,649.42 1 1
github.com/gorilla/mux/mux.go:649.42,651.4 1 0
github.com/gorilla/mux/mux.go:651.9,651.22 1 1
github.com/gorilla/mux/mux.go:651.22,655.33 2 1
github.com/gorilla/mux/mux.go:655.33,656.29 1 1
github.com/gorilla/mux/mux.go:656.29,658.11 2 1
github.com/gorilla/mux/mux.go:661.4,661.20 1 1
github.com/gorilla/mux/mux.go:661.20,663.5 1 1
github.com/gorilla/mux/mux.go:666.2,666.13 1 1
github.com/gorilla/mux/mux.go:670.63,672.2 1 1
github.com/gorilla/mux/mux.go:676.45,676.90 1 1
github.com/gorilla/mux/regexp.go:41.99,44.22 2 1
github.com/gorilla/mux/regexp.go:44.22,46.3 1 0
github.com/gorilla/mux/regexp.go:48.2,51.28 3 1
github.com/gorilla/mux/regexp.go:51.28,53.3 1 1
github.com/gorilla/mux/regexp.go:53.8,53.34 1 1
github.com/gorilla/mux/regexp.go:53.34,55.3 1 1
github.com/gorilla/mux/regexp.go:57.2,57.27 1 1
github.com/gorilla/mux/regexp.go:57.27,59.3 1 1
github.com/gorilla/mux/regexp.go:61.2,62.56 2 1
github.com/gorilla/mux/regexp.go:62.56,65.3 2 1
github.com/gorilla/mux/regexp.go:66.2,75.36 8 1
github.com/gorilla/mux/regexp.go:75.36,87.21 7 1
github.com/gorilla/mux/regexp.go:87.21,90.4 2 1
github.com/gorilla/mux/regexp.go:90.9,93.4 2 1
github.com/gorilla/mux/regexp.go:96.3,96.31 1 1
github.com/gorilla/mux/regexp.go:96.31,98.4 1 1
github.com/gorilla/mux/regexp.go:100.3,110.17 6 1
github.com/gorilla/mux/regexp.go:110.17,112.4 1 1
github.com/gorilla/mux/regexp.go:115.2,117.25 3 1
github.com/gorilla/mux/regexp.go:117.25,119.3 1 1
github.com/gorilla/mux/regexp.go:120.2,120.28 1 1
github.com/gorilla/mux/regexp.go:120.28,122.70 1 1
github.com/gorilla/mux/regexp.go:122.70,124.4 1 1
github.com/gorilla/mux/regexp.go:126.2,126.29 1 1
github.com/gorilla/mux/regexp.go:126.29,128.3 1 1
github.com/gorilla/mux/regexp.go:131.2,133.23 3 1
github.com/gorilla/mux/regexp.go:133.23,135.3 1 0
github.com/gorilla/mux/regexp.go:138.2,138.36 1 1
github.com/gorilla/mux/regexp.go:138.36,140.84 1 1
github.com/gorilla/mux/regexp.go:143.2,144.27 2 1
github.com/gorilla/mux/regexp.go:144.27,145.41 1 1
github.com/gorilla/mux/regexp.go:145.41,147.4 1 1
github.com/gorilla/mux/regexp.go:149.2,150.14 2 1
github.com/gorilla/mux/regexp.go:150.14,152.3 1 1
github.com/gorilla/mux/regexp.go:155.2,164.8 1 1
github.com/gorilla/mux/regexp.go:189.72,190.36 1 1
github.com/gorilla/mux/regexp.go:190.36,192.25 2 1
github.com/gorilla/mux/regexp.go:192.25,194.46 1 1
github.com/gorilla/mux/regexp.go:194.46,196.5 1 1
github.com/gorilla/mux/regexp.go:198.3,198.36 1 1
github.com/gorilla/mux/regexp.go:201.2,201.37 1 1
github.com/gorilla/mux/regexp.go:201.37,203.3 1 1
github.com/gorilla/mux/regexp.go:204.2,205.30 2 1
github.com/gorilla/mux/regexp.go:205.30,207.3 1 1
github.com/gorilla/mux/regexp.go:208.2,208.35 1 1
github.com/gorilla/mux/regexp.go:212.69,214.28 2 1
github.com/gorilla/mux/regexp.go:214.28,216.10 2 1
github.com/gorilla/mux/regexp.go:216.10,218.4 1 0
github.com/gorilla/mux/regexp.go:219.3,219.38 1 1
github.com/gorilla/mux/regexp.go:219.38,221.4 1 1
github.com/gorilla/mux/regexp.go:222.3,222.23 1 1
github.com/gorilla/mux/regexp.go:224.2,225.31 2 1
github.com/gorilla/mux/regexp.go:225.31,229.29 1 0
github.com/gorilla/mux/regexp.go:229.29,230.42 1 0
github.com/gorilla/mux/regexp.go:230.42,234.5 1 0
github.com/gorilla/mux/regexp.go:237.2,237.16 1 1
github.com/gorilla/mux/regexp.go:243.61,244.37 1 1
github.com/gorilla/mux/regexp.go:244.37,246.3 1 0
github.com/gorilla/mux/regexp.go:247.2,249.8 3 1
github.com/gorilla/mux/regexp.go:249.8,251.3 1 1
github.com/gorilla/mux/regexp.go:252.2,252.11 1 1
github.com/gorilla/mux/regexp.go:257.70,259.21 2 1
github.com/gorilla/mux/regexp.go:259.21,261.50 2 1
github.com/gorilla/mux/regexp.go:261.50,263.4 1 1
github.com/gorilla/mux/regexp.go:263.9,265.4 1 1
github.com/gorilla/mux/regexp.go:266.3,266.25 1 1
github.com/gorilla/mux/regexp.go:266.25,267.12 1 0
github.com/gorilla/mux/regexp.go:269.3,270.50 2 1
github.com/gorilla/mux/regexp.go:270.50,272.4 1 1
github.com/gorilla/mux/regexp.go:273.3,273.31 1 1
github.com/gorilla/mux/regexp.go:273.31,275.12 1 1
github.com/gorilla/mux/regexp.go:277.3,278.17 2 1
github.com/gorilla/mux/regexp.go:278.17,279.12 1 0
github.com/gorilla/mux/regexp.go:281.3,281.23 1 1
github.com/gorilla/mux/regexp.go:281.23,282.12 1 1
github.com/gorilla/mux/regexp.go:284.3,285.17 2 1
github.com/gorilla/mux/regexp.go:285.17,286.12 1 0
github.com/gorilla/mux/regexp.go:288.3,288.27 1 1
github.com/gorilla/mux/regexp.go:290.2,290.18 1 1
github.com/gorilla/mux/regexp.go:293.64,295.2 1 1
github.com/gorilla/mux/regexp.go:299.44,302.30 3 1
github.com/gorilla/mux/regexp.go:302.30,303.15 1 1
github.com/gorilla/mux/regexp.go:304.12,305.27 1 1
github.com/gorilla/mux/regexp.go:305.27,307.5 1 1
github.com/gorilla/mux/regexp.go:308.12,309.27 1 1
github.com/gorilla/mux/regexp.go:309.27,311.5 1 1
github.com/gorilla/mux/regexp.go:311.10,311.24 1 1
github.com/gorilla/mux/regexp.go:311.24,313.5 1 0
github.com/gorilla/mux/regexp.go:316.2,316.16 1 1
github.com/gorilla/mux/regexp.go:316.16,318.3 1 0
github.com/gorilla/mux/regexp.go:319.2,319.18 1 1
github.com/gorilla/mux/regexp.go:323.35,325.2 1 1
github.com/gorilla/mux/regexp.go:339.80,341.19 1 1
github.com/gorilla/mux/regexp.go:341.19,342.28 1 1
github.com/gorilla/mux/regexp.go:342.28,344.31 2 1
github.com/gorilla/mux/regexp.go:344.31,346.47 1 1
github.com/gorilla/mux/regexp.go:346.47,348.6 1 1
github.com/gorilla/mux/regexp.go:350.4,351.24 2 1
github.com/gorilla/mux/regexp.go:351.24,353.5 1 1
github.com/gorilla/mux/regexp.go:356.2,357.22 2 1
github.com/gorilla/mux/regexp.go:357.22,359.3 1 1
github.com/gorilla/mux/regexp.go:361.2,361.19 1 1
github.com/gorilla/mux/regexp.go:361.19,362.28 1 1
github.com/gorilla/mux/regexp.go:362.28,364.24 2 1
github.com/gorilla/mux/regexp.go:364.24,366.5 1 1
github.com/gorilla/mux/regexp.go:369.3,369.33 1 1
github.com/gorilla/mux/regexp.go:369.33,372.16 3 1
github.com/gorilla/mux/regexp.go:372.16,374.11 2 1
github.com/gorilla/mux/regexp.go:374.11,376.6 1 1
github.com/gorilla/mux/regexp.go:376.11,378.6 1 1
github.com/gorilla/mux/regexp.go:379.5,380.69 2 1
github.com/gorilla/mux/regexp.go:385.2,385.30 1 1
github.com/gorilla/mux/regexp.go:385.30,386.23 1 1
github.com/gorilla/mux/regexp.go:386.23,389.24 3 1
github.com/gorilla/mux/regexp.go:389.24,391.5 1 1
github.com/gorilla/mux/regexp.go:399.38,400.19 1 1
github.com/gorilla/mux/regexp.go:400.19,402.3 1 1
github.com/gorilla/mux/regexp.go:403.2,403.15 1 1
github.com/gorilla/mux/regexp.go:406.107,407.29 1 1
github.com/gorilla/mux/regexp.go:407.29,408.20 1 1
github.com/gorilla/mux/regexp.go:408.20,410.4 1 1
github.com/gorilla/mux/regexp.go:411.3,411.54 1 1
github.com/gorilla/mux/regexp.go:413.2,413.15 1 1
github.com/gorilla/mux/route.go:42.34,44.2 1 1
github.com/gorilla/mux/route.go:47.66,48.33 1 1
github.com/gorilla/mux/route.go:48.33,50.3 1 1
github.com/gorilla/mux/route.go:52.2,55.31 2 1
github.com/gorilla/mux/route.go:55.31,56.47 1 1
github.com/gorilla/mux/route.go:56.47,57.38 1 1
github.com/gorilla/mux/route.go:57.38,59.13 2 1
github.com/gorilla/mux/route.go:68.4,68.38 1 1
github.com/gorilla/mux/route.go:68.38,69.41 1 1
github.com/gorilla/mux/route.go:69.41,71.11 2 1
github.com/gorilla/mux/route.go:82.4,82.37 1 1
github.com/gorilla/mux/route.go:82.37,84.5 1 1
github.com/gorilla/mux/route.go:86.4,87.16 2 1
github.com/gorilla/mux/route.go:91.2,91.21 1 1
github.com/gorilla/mux/route.go:91.21,94.3 2 1
github.com/gorilla/mux/route.go:96.2,96.47 1 1
github.com/gorilla/mux/route.go:96.47,101.3 2 1
github.com/gorilla/mux/route.go:104.2,104.24 1 1
github.com/gorilla/mux/route.go:104.24,106.3 1 1
github.com/gorilla/mux/route.go:107.2,107.26 1 1
github.com/gorilla/mux/route.go:107.26,109.3 1 1
github.com/gorilla/mux/route.go:112.2,113.13 2 1
github.com/gorilla/mux/route.go:121.34,123.2 1 1
github.com/gorilla/mux/route.go:126.36,129.2 2 1
github.com/gorilla/mux/route.go:134.53,135.23 1 1
github.com/gorilla/mux/route.go:135.23,137.3 1 1
github.com/gorilla/mux/route.go:139.2,140.10 2 1
github.com/gorilla/mux/route.go:144.43,146.2 1 1
github.com/gorilla/mux/route.go:149.48,152.2 2 1
github.com/gorilla/mux/route.go:155.56,157.9 2 1
github.com/gorilla/mux/route.go:157.9,159.3 1 1
github.com/gorilla/mux/route.go:161.2,161.19 1 1
github.com/gorilla/mux/route.go:165.68,167.9 2 1
github.com/gorilla/mux/route.go:167.9,169.3 1 1
github.com/gorilla/mux/route.go:171.2,171.14 1 1
github.com/gorilla/mux/route.go:177.54,178.18 1 1
github.com/gorilla/mux/route.go:178.18,180.3 1 1
github.com/gorilla/mux/route.go:181.2,181.10 1 1
github.com/gorilla/mux/route.go:185.80,187.2 1 1
github.com/gorilla/mux/route.go:190.43,192.2 1 1
github.com/gorilla/mux/route.go:196.58,199.46 2 1
github.com/gorilla/mux/route.go:199.46,200.48 1 1
github.com/gorilla/mux/route.go:200.48,202.4 1 1
github.com/gorilla/mux/route.go:205.2,205.16 1 1
github.com/gorilla/mux/route.go:212.42,213.18 1 1
github.com/gorilla/mux/route.go:213.18,216.3 1 1
github.com/gorilla/mux/route.go:217.2,217.18 1 1
github.com/gorilla/mux/route.go:217.18,220.3 2 1
github.com/gorilla/mux/route.go:221.2,221.10 1 1
github.com/gorilla/mux/route.go:225.34,227.2 1 1
github.com/gorilla/mux/route.go:239.46,240.18 1 1
github.com/gorilla/mux/route.go:240.18,242.3 1 1
github.com/gorilla/mux/route.go:243.2,243.10 1 1
github.com/gorilla/mux/route.go:247.68,248.18 1 1
github.com/gorilla/mux/route.go:248.18,250.3 1 0
github.com/gorilla/mux/route.go:251.2,251.54 1 1
github.com/gorilla/mux/route.go:251.54,252.36 1 1
github.com/gorilla/mux/route.go:252.36,254.4 1 1
github.com/gorilla/mux/route.go:255.3,255.27 1 1
github.com/gorilla/mux/route.go:255.27,257.4 1 1
github.com/gorilla/mux/route.go:259.2,263.16 2 1
github.com/gorilla/mux/route.go:263.16,265.3 1 0
github.com/gorilla/mux/route.go:266.2,266.37 1 1
github.com/gorilla/mux/route.go:266.37,267.54 1 1
github.com/gorilla/mux/route.go:267.54,269.4 1 0
github.com/gorilla/mux/route.go:271.2,271.27 1 1
github.com/gorilla/mux/route.go:271.27,272.27 1 1
github.com/gorilla/mux/route.go:272.27,273.67 1 0
github.com/gorilla/mux/route.go:273.67,275.5 1 0
github.com/gorilla/mux/route.go:277.3,277.21 1 1
github.com/gorilla/mux/route.go:278.8,279.27 1 1
github.com/gorilla/mux/route.go:279.27,280.67 1 1
github.com/gorilla/mux/route.go:280.67,282.5 1 1
github.com/gorilla/mux/route.go:284.3,284.29 1 1
github.com/gorilla/mux/route.go:284.29,286.4 1 1
github.com/gorilla/mux/route.go:286.9,288.4 1 1
github.com/gorilla/mux/route.go:290.2,291.12 2 1
github.com/gorilla/mux/route.go:299.71,301.2 1 1
github.com/gorilla/mux/route.go:312.49,313.18 1 1
github.com/gorilla/mux/route.go:313.18,317.3 3 1
github.com/gorilla/mux/route.go:318.2,318.10 1 0
github.com/gorilla/mux/route.go:324.76,326.2 1 1
github.com/gorilla/mux/route.go:338.55,339.18 1 1
github.com/gorilla/mux/route.go:339.18,343.3 3 1
github.com/gorilla/mux/route.go:344.2,344.10 1 0
github.com/gorilla/mux/route.go:366.41,369.2 2 1
github.com/gorilla/mux/route.go:377.69,379.2 1 1
github.com/gorilla/mux/route.go:382.51,384.2 1 1
github.com/gorilla/mux/route.go:391.71,393.2 1 1
github.com/gorilla/mux/route.go:398.51,399.28 1 1
github.com/gorilla/mux/route.go:399.28,401.3 1 1
github.com/gorilla/mux/route.go:402.2,402.45 1 1
github.com/gorilla/mux/route.go:426.41,429.2 2 1
github.com/gorilla/mux/route.go:442.47,445.2 2 1
github.com/gorilla/mux/route.go:466.49,468.19 2 1
github.com/gorilla/mux/route.go:468.19,472.3 2 0
github.com/gorilla/mux/route.go:473.2,473.33 1 1
github.com/gorilla/mux/route.go:473.33,474.89 1 1
github.com/gorilla/mux/route.go:474.89,476.4 1 0
github.com/gorilla/mux/route.go:479.2,479.10 1 1
github.com/gorilla/mux/route.go:487.71,494.18 2 1
github.com/gorilla/mux/route.go:494.18,495.19 1 1
github.com/gorilla/mux/route.go:495.19,497.4 1 1
github.com/gorilla/mux/route.go:497.9,499.4 1 1
github.com/gorilla/mux/route.go:501.2,501.32 1 1
github.com/gorilla/mux/route.go:512.51,513.28 1 1
github.com/gorilla/mux/route.go:513.28,515.3 1 1
github.com/gorilla/mux/route.go:516.2,516.22 1 1
github.com/gorilla/mux/route.go:516.22,518.3 1 1
github.com/gorilla/mux/route.go:519.2,519.45 1 1
github.com/gorilla/mux/route.go:530.55,531.28 1 1
github.com/gorilla/mux/route.go:531.28,534.65 2 1
github.com/gorilla/mux/route.go:534.65,536.4 1 1
github.com/gorilla/mux/route.go:537.8,539.3 1 1
github.com/gorilla/mux/route.go:540.2,540.10 1 1
github.com/gorilla/mux/route.go:557.37,562.2 3 1
github.com/gorilla/mux/route.go:606.56,607.18 1 1
github.com/gorilla/mux/route.go:607.18,609.3 1 0
github.com/gorilla/mux/route.go:610.2,611.16 2 1
github.com/gorilla/mux/route.go:611.16,613.3 1 1
github.com/gorilla/mux/route.go:614.2,616.26 3 1
github.com/gorilla/mux/route.go:616.26,617.56 1 1
github.com/gorilla/mux/route.go:617.56,619.4 1 0
github.com/gorilla/mux/route.go:620.3,621.26 2 1
github.com/gorilla/mux/route.go:621.26,623.4 1 1
github.com/gorilla/mux/route.go:625.2,625.26 1 1
github.com/gorilla/mux/route.go:625.26,626.56 1 1
github.com/gorilla/mux/route.go:626.56,628.4 1 0
github.com/gorilla/mux/route.go:630.2,630.37 1 1
github.com/gorilla/mux/route.go:630.37,632.45 2 1
github.com/gorilla/mux/route.go:632.45,634.4 1 0
github.com/gorilla/mux/route.go:635.3,635.35 1 1
github.com/gorilla/mux/route.go:637.2,642.8 1 1
github.com/gorilla/mux/route.go:648.60,649.18 1 1
github.com/gorilla/mux/route.go:649.18,651.3 1 0
github.com/gorilla/mux/route.go:652.2,652.26 1 1
github.com/gorilla/mux/route.go:652.26,654.3 1 1
github.com/gorilla/mux/route.go:655.2,656.16 2 1
github.com/gorilla/mux/route.go:656.16,658.3 1 0
github.com/gorilla/mux/route.go:659.2,660.16 2 1
github.com/gorilla/mux/route.go:660.16,662.3 1 0
github.com/gorilla/mux/route.go:663.2,667.25 2 1
github.com/gorilla/mux/route.go:667.25,669.3 1 1
github.com/gorilla/mux/route.go:670.2,670.15 1 1
github.com/gorilla/mux/route.go:676.60,677.18 1 1
github.com/gorilla/mux/route.go:677.18,679.3 1 1
github.com/gorilla/mux/route.go:680.2,680.26 1 1
github.com/gorilla/mux/route.go:680.26,682.3 1 1
github.com/gorilla/mux/route.go:683.2,684.16 2 1
github.com/gorilla/mux/route.go:684.16,686.3 1 0
github.com/gorilla/mux/route.go:687.2,688.16 2 1
github.com/gorilla/mux/route.go:688.16,690.3 1 0
github.com/gorilla/mux/route.go:691.2,693.8 1 1
github.com/gorilla/mux/route.go:701.51,702.18 1 1
github.com/gorilla/mux/route.go:702.18,704.3 1 1
github.com/gorilla/mux/route.go:705.2,705.26 1 1
github.com/gorilla/mux/route.go:705.26,707.3 1 1
github.com/gorilla/mux/route.go:708.2,708.36 1 1
github.com/gorilla/mux/route.go:715.49,716.18 1 1
github.com/gorilla/mux/route.go:716.18,718.3 1 1
github.com/gorilla/mux/route.go:719.2,719.26 1 1
github.com/gorilla/mux/route.go:719.26,721.3 1 1
github.com/gorilla/mux/route.go:722.2,722.43 1 1
github.com/gorilla/mux/route.go:730.54,731.18 1 1
github.com/gorilla/mux/route.go:731.18,733.3 1 1
github.com/gorilla/mux/route.go:734.2,734.29 1 1
github.com/gorilla/mux/route.go:734.29,736.3 1 1
github.com/gorilla/mux/route.go:737.2,738.41 2 1
github.com/gorilla/mux/route.go:738.41,740.3 1 1
github.com/gorilla/mux/route.go:741.2,741.21 1 1
github.com/gorilla/mux/route.go:749.57,750.18 1 1
github.com/gorilla/mux/route.go:750.18,752.3 1 1
github.com/gorilla/mux/route.go:753.2,753.29 1 1
github.com/gorilla/mux/route.go:753.29,755.3 1 1
github.com/gorilla/mux/route.go:756.2,757.41 2 1
github.com/gorilla/mux/route.go:757.41,759.3 1 1
github.com/gorilla/mux/route.go:760.2,760.21 1 1
github.com/gorilla/mux/route.go:767.48,768.18 1 1
github.com/gorilla/mux/route.go:768.18,770.3 1 1
github.com/gorilla/mux/route.go:771.2,771.31 1 1
github.com/gorilla/mux/route.go:771.31,772.43 1 1
github.com/gorilla/mux/route.go:772.43,774.4 1 1
github.com/gorilla/mux/route.go:776.2,776.59 1 1
github.com/gorilla/mux/route.go:784.51,785.18 1 1
github.com/gorilla/mux/route.go:785.18,787.3 1 1
github.com/gorilla/mux/route.go:788.2,788.26 1 1
github.com/gorilla/mux/route.go:788.26,790.3 1 1
github.com/gorilla/mux/route.go:791.2,791.36 1 1
github.com/gorilla/mux/route.go:796.49,797.18 1 1
github.com/gorilla/mux/route.go:797.18,799.3 1 1
github.com/gorilla/mux/route.go:800.2,801.26 2 1
github.com/gorilla/mux/route.go:801.26,803.3 1 1
github.com/gorilla/mux/route.go:804.2,804.26 1 1
github.com/gorilla/mux/route.go:804.26,806.3 1 1
github.com/gorilla/mux/route.go:807.2,807.40 1 1
github.com/gorilla/mux/route.go:807.40,809.3 1 1
github.com/gorilla/mux/route.go:810.2,810.22 1 1
github.com/gorilla/mux/route.go:815.73,817.16 2 1
github.com/gorilla/mux/route.go:817.16,819.3 1 1
github.com/gorilla/mux/route.go:820.2,820.28 1 1
github.com/gorilla/mux/route.go:823.66,824.28 1 1
github.com/gorilla/mux/route.go:824.28,826.3 1 1
github.com/gorilla/mux/route.go:827.2,827.10 1 1
github.com/gorilla/mux/test_helpers.go:17.71,19.2 1 1
